2026-01-29 10:36:49 [INFO] Email queue started successfully. Email sending is enabled. 
2026-01-29 10:36:49 [INFO] Server is running at port 4545 
2026-01-29 10:37:31 [INFO] Incoming request: GET /api/v1/companies/list?search= 
2026-01-29 10:37:32 [INFO] Incoming request: GET /api/v1/companies/list 
2026-01-29 10:37:32 [INFO] Incoming request: GET /api/v1/company-branches/list 
2026-01-29 10:37:32 [INFO] Incoming request: GET /api/v1/companies/list 
2026-01-29 10:37:32 [INFO] Incoming request: GET /api/v1/company-branches/list 
2026-01-29 10:38:05 [INFO] Incoming request: GET /api/v1/raw-queries/list?pageNumber=1&pageSize=10&search= 
2026-01-29 10:38:08 [INFO] Incoming request: GET /api/v1/raw-queries/get-by-id?rawQueryId=69770a81bbf8b479d1e8ef65 
2026-01-29 10:38:31 [INFO] Incoming request: GET /api/v1/raw-queries/list?pageNumber=1&pageSize=10&search= 
2026-01-29 10:38:33 [INFO] Incoming request: GET /api/v1/companies/list?search= 
2026-01-29 10:38:34 [INFO] Incoming request: GET /api/v1/companies/list 
2026-01-29 10:38:34 [INFO] Incoming request: GET /api/v1/company-branches/list 
2026-01-29 10:38:36 [INFO] Incoming request: GET /api/v1/raw-queries/list?pageNumber=1&pageSize=10&search= 
2026-01-29 10:38:36 [INFO] Incoming request: GET /api/v1/raw-queries/list?pageNumber=1&pageSize=10&search= 
2026-01-29 10:38:38 [INFO] Incoming request: GET /api/v1/raw-queries/get-by-id?rawQueryId=69770a81bbf8b479d1e8ef65 
2026-01-29 10:39:25 [INFO] Incoming request: GET /api/v1/raw-queries/list?pageNumber=1&pageSize=10&search= 
2026-01-29 10:39:26 [INFO] Incoming request: GET /api/v1/raw-queries/list?pageNumber=1&pageSize=10&search= 
2026-01-29 10:45:02 [INFO] Incoming request: GET /api/v1/companies/list?search= 
2026-01-29 10:45:19 [INFO] Incoming request: GET /api/v1/companies/list?search= 
2026-01-29 10:45:28 [INFO] Incoming request: GET /api/v1/companies/list 
2026-01-29 10:45:28 [INFO] Incoming request: GET /api/v1/company-branches/list 
2026-01-29 10:45:32 [INFO] Incoming request: GET /api/v1/companies/list 
2026-01-29 10:45:32 [INFO] Incoming request: GET /api/v1/company-branches/list 
2026-01-29 10:45:33 [INFO] Incoming request: GET /api/v1/companies/list?search= 
2026-01-29 10:45:43 [INFO] Incoming request: GET /api/v1/companies/list 
2026-01-29 10:45:43 [INFO] Incoming request: GET /api/v1/company-branches/list 
2026-01-29 10:45:45 [INFO] Incoming request: GET /api/v1/companies/list 
2026-01-29 10:45:45 [INFO] Incoming request: GET /api/v1/company-branches/list 
2026-01-29 10:45:47 [INFO] Incoming request: GET /api/v1/companies/list 
2026-01-29 10:45:47 [INFO] Incoming request: GET /api/v1/company-branches/list 
2026-01-29 10:46:18 [INFO] Incoming request: GET /api/v1/raw-queries/list?pageNumber=1&pageSize=10&search= 
2026-01-29 10:46:23 [INFO] Incoming request: GET /api/v1/raw-queries/get-by-id?rawQueryId=69770a81bbf8b479d1e8ef65 
2026-01-29 10:46:28 [INFO] Incoming request: GET /api/v1/employees/list 
2026-01-29 10:46:28 [INFO] Incoming request: GET /api/v1/company-branches/list 
2026-01-29 10:46:31 [INFO] Incoming request: GET /api/v1/employees/list 
2026-01-29 10:46:31 [INFO] Incoming request: GET /api/v1/company-branches/list 
2026-01-29 10:46:34 [INFO] Incoming request: GET /api/v1/employees/list 
2026-01-29 10:46:34 [INFO] Incoming request: GET /api/v1/company-branches/list 
2026-01-29 10:46:38 [INFO] Incoming request: GET /api/v1/employees/list 
2026-01-29 10:46:38 [INFO] Incoming request: GET /api/v1/company-branches/list 
2026-01-29 10:46:52 [INFO] Incoming request: GET /api/v1/companies/list?search= 
2026-01-29 10:46:53 [INFO] Incoming request: GET /api/v1/companies/list 
2026-01-29 10:46:53 [INFO] Incoming request: GET /api/v1/company-branches/list 
2026-01-29 10:48:39 [INFO] Incoming request: GET /api/v1/raw-queries/list?pageNumber=1&pageSize=10&search= 
2026-01-29 10:49:02 [INFO] Incoming request: GET /api/v1/raw-queries/list?pageNumber=1&pageSize=10&search= 
2026-01-29 10:50:19 [INFO] Incoming request: GET /api/v1/raw-queries/list?pageNumber=1&pageSize=10&search= 
2026-01-29 10:50:26 [INFO] Incoming request: GET /api/v1/raw-queries/list?pageNumber=1&pageSize=10&search=p 
2026-01-29 10:50:27 [INFO] Incoming request: GET /api/v1/raw-queries/list?pageNumber=1&pageSize=10&search=pi 
2026-01-29 10:50:28 [INFO] Incoming request: GET /api/v1/raw-queries/list?pageNumber=1&pageSize=10&search=alo 
2026-01-29 10:50:30 [INFO] Incoming request: GET /api/v1/raw-queries/list?pageNumber=1&pageSize=10&search= 
2026-01-29 10:50:31 [INFO] Incoming request: GET /api/v1/raw-queries/list?pageNumber=1&pageSize=10&search=anu 
2026-01-29 10:50:32 [INFO] Incoming request: GET /api/v1/raw-queries/list?pageNumber=1&pageSize=10&search= 
2026-01-29 10:50:42 [INFO] Incoming request: GET /api/v1/raw-queries/list?pageNumber=1&pageSize=10&search=alok 
2026-01-29 10:50:58 [INFO] Incoming request: GET /api/v1/raw-queries/list?pageNumber=1&pageSize=10&search=p 
2026-01-29 10:51:30 [INFO] Incoming request: GET /api/v1/companies/list?search= 
2026-01-29 10:51:55 [INFO] Incoming request: GET /api/v1/companies/list?search= 
2026-01-29 10:51:56 [INFO] Incoming request: GET /api/v1/companies/list 
2026-01-29 10:51:56 [INFO] Incoming request: GET /api/v1/company-branches/list 
2026-01-29 10:51:58 [INFO] Incoming request: GET /api/v1/raw-queries/list?pageNumber=1&pageSize=10&search= 
2026-01-29 10:52:09 [INFO] Incoming request: GET /api/v1/raw-queries/list?pageNumber=1&pageSize=10&search= 
2026-01-29 10:57:28 [INFO] Incoming request: GET /api/v1/companies/list 
2026-01-29 10:57:28 [INFO] Incoming request: GET /api/v1/company-branches/list 
2026-01-29 11:01:06 [INFO] Incoming request: GET /api/v1/companies/list 
2026-01-29 11:01:06 [INFO] Incoming request: GET /api/v1/company-branches/list 
2026-01-29 11:01:14 [INFO] Incoming request: GET /api/v1/companies/list 
2026-01-29 11:01:14 [INFO] Incoming request: GET /api/v1/company-branches/list 
2026-01-29 11:01:18 [INFO] Incoming request: GET /api/v1/company-branches/list 
2026-01-29 11:01:18 [INFO] Incoming request: GET /api/v1/companies/list 
2026-01-29 11:01:44 [INFO] Incoming request: GET /api/v1/company-branches/get-by-id?companyBranchId=697705a7bbf8b479d1e8ef56 
2026-01-29 11:01:44 [INFO] Incoming request: GET /api/v1/companies/get-by-id?companyId=697703dbbbf8b479d1e8ef4a 
2026-01-29 11:01:44 [INFO] Incoming request: GET /api/v1/employees/list?branchId=697705a7bbf8b479d1e8ef56 
2026-01-29 17:56:02 [INFO] Incoming request: GET /api/v1/company-branches/get-by-id?companyBranchId=697705a7bbf8b479d1e8ef56 
2026-01-29 17:56:05 [INFO] Incoming request: GET /api/v1/companies/get-by-id?companyId=697703dbbbf8b479d1e8ef4a 
2026-01-29 17:56:05 [INFO] Incoming request: GET /api/v1/employees/list?branchId=697705a7bbf8b479d1e8ef56 
