2026-01-26 11:17:25 [ERROR] 
[ERROR]
Method: POST
URL: /api/v1/companies/create
Params: {}
Body: {"name":"Migti Industrial Pvt Ltd ","brandName":"Migti Industrial Pvt Ltd ","email":"sales@migti.co.in","password":"123123","logoUrl":"http://localhost:3000/#/companies"}
Headers: {"host":"localhost:4545","connection":"keep-alive","content-length":"170","sec-ch-ua-platform":"\"Windows\"","authorization":"Bearer eyJhbGciOiJIUzI1NiIsInR5cCI6IkpXVCJ9.eyJpZCI6IjY5NzRhYjNiZTRjMGJlNjg3ODU5NjRhYiIsImVtYWlsIjoiYWRtaW5AZ21haWwuY29tIiwicm9sZSI6InN1cGVyYWRtaW4iLCJ0eXBlIjoiYWNjZXNzIiwiaWF0IjoxNzY5MjY2MzA2LCJleHAiOjE3NjkzNTI3MDYsImF1ZCI6ImdjYS1mcm9udGVuZCIsImlzcyI6ImdjYS1iYWNrZW5kIn0.yDdvdYUNPOPWZyqfAIXpiDFt2A11XcY_HrTO5q0yczo","user-agent":"Mozilla/5.0 (Windows NT 10.0; Win64; x64) AppleWebKit/537.36 (KHTML, like Gecko) Chrome/143.0.0.0 Safari/537.36","accept":"application/json, text/plain, */*","sec-ch-ua":"\"Google Chrome\";v=\"143\", \"Chromium\";v=\"143\", \"Not A(Brand\";v=\"24\"","content-type":"application/json","sec-ch-ua-mobile":"?0","origin":"http://localhost:3000","sec-fetch-site":"same-site","sec-fetch-mode":"cors","sec-fetch-dest":"empty","referer":"http://localhost:3000/","accept-encoding":"gzip, deflate, br, zstd","accept-language":"en-GB,en-US;q=0.9,en;q=0.8"}
Error Message: Company already exists
Stack: Error: Company already exists
    at addCompany (file:///C:/Alok/projects/migti-crm_backend/src/services/company/company.service.js:17:11)
    at process.processTicksAndRejections (node:internal/process/task_queues:103:5)
    at async createCompanyController (file:///C:/Alok/projects/migti-crm_backend/src/controller/company/company.controller.js:29:18)
   
2026-01-26 11:49:20 [ERROR] 
[ERROR]
Method: POST
URL: /api/v1/employees/login
Params: {}
Body: {"email":"alok@gmail.com","password":"123456","role":"sales"}
Headers: {"host":"localhost:4545","connection":"keep-alive","content-length":"61","sec-ch-ua-platform":"\"Windows\"","user-agent":"Mozilla/5.0 (Windows NT 10.0; Win64; x64) AppleWebKit/537.36 (KHTML, like Gecko) Chrome/143.0.0.0 Safari/537.36","accept":"application/json, text/plain, */*","sec-ch-ua":"\"Google Chrome\";v=\"143\", \"Chromium\";v=\"143\", \"Not A(Brand\";v=\"24\"","content-type":"application/json","sec-ch-ua-mobile":"?0","origin":"http://localhost:3000","sec-fetch-site":"same-site","sec-fetch-mode":"cors","sec-fetch-dest":"empty","referer":"http://localhost:3000/","accept-encoding":"gzip, deflate, br, zstd","accept-language":"en-GB,en;q=0.9"}
Error Message: Not Found
Stack: Error: Not Found
    at employeeLogin (file:///C:/Alok/projects/migti-crm_backend/src/services/employee/employee.service.js:165:11)
    at process.processTicksAndRejections (node:internal/process/task_queues:103:5)
    at async loginEmployeeController (file:///C:/Alok/projects/migti-crm_backend/src/controller/employee/employee.controller.js:138:18)
   
2026-01-26 11:49:31 [ERROR] 
[ERROR]
Method: POST
URL: /api/v1/employees/login
Params: {}
Body: {"email":"alok@gmail.com","password":"123456","role":"sales"}
Headers: {"host":"localhost:4545","connection":"keep-alive","content-length":"61","sec-ch-ua-platform":"\"Windows\"","user-agent":"Mozilla/5.0 (Windows NT 10.0; Win64; x64) AppleWebKit/537.36 (KHTML, like Gecko) Chrome/143.0.0.0 Safari/537.36","accept":"application/json, text/plain, */*","sec-ch-ua":"\"Google Chrome\";v=\"143\", \"Chromium\";v=\"143\", \"Not A(Brand\";v=\"24\"","content-type":"application/json","sec-ch-ua-mobile":"?0","origin":"http://localhost:3000","sec-fetch-site":"same-site","sec-fetch-mode":"cors","sec-fetch-dest":"empty","referer":"http://localhost:3000/","accept-encoding":"gzip, deflate, br, zstd","accept-language":"en-GB,en;q=0.9"}
Error Message: Not Found
Stack: Error: Not Found
    at employeeLogin (file:///C:/Alok/projects/migti-crm_backend/src/services/employee/employee.service.js:165:11)
    at process.processTicksAndRejections (node:internal/process/task_queues:103:5)
    at async loginEmployeeController (file:///C:/Alok/projects/migti-crm_backend/src/controller/employee/employee.controller.js:138:18)
   
2026-01-26 11:50:03 [ERROR] 
[ERROR]
Method: POST
URL: /api/v1/employees/login
Params: {}
Body: {"email":"alok@gmail.com","password":"123456","role":"hod"}
Headers: {"host":"localhost:4545","connection":"keep-alive","content-length":"59","sec-ch-ua-platform":"\"Windows\"","user-agent":"Mozilla/5.0 (Windows NT 10.0; Win64; x64) AppleWebKit/537.36 (KHTML, like Gecko) Chrome/143.0.0.0 Safari/537.36","accept":"application/json, text/plain, */*","sec-ch-ua":"\"Google Chrome\";v=\"143\", \"Chromium\";v=\"143\", \"Not A(Brand\";v=\"24\"","content-type":"application/json","sec-ch-ua-mobile":"?0","origin":"http://localhost:3000","sec-fetch-site":"same-site","sec-fetch-mode":"cors","sec-fetch-dest":"empty","referer":"http://localhost:3000/","accept-encoding":"gzip, deflate, br, zstd","accept-language":"en-GB,en;q=0.9"}
Error Message: Not Found
Stack: Error: Not Found
    at employeeLogin (file:///C:/Alok/projects/migti-crm_backend/src/services/employee/employee.service.js:165:11)
    at process.processTicksAndRejections (node:internal/process/task_queues:103:5)
    at async loginEmployeeController (file:///C:/Alok/projects/migti-crm_backend/src/controller/employee/employee.controller.js:138:18)
   
