2026-02-03 09:28:57 [INFO] Email queue started successfully. Email sending is enabled. 
2026-02-03 09:28:57 [INFO] Server is running at port 4545 
2026-02-03 09:29:56 [INFO] Incoming request: GET /api/v1/companies/list?search= 
2026-02-03 09:30:06 [INFO] Incoming request: GET /api/v1/companies/list 
2026-02-03 09:30:06 [INFO] Incoming request: GET /api/v1/company-branches/list 
2026-02-03 09:30:11 [INFO] Incoming request: GET /api/v1/categories/list?pageNumber=1&pageSize=100&parent=null 
2026-02-03 09:30:11 [INFO] Incoming request: GET /api/v1/categories/list?pageNumber=1&pageSize=10&search=&parent=null 
2026-02-03 09:39:14 [INFO] Incoming request: GET /api/v1/categories/list?pageNumber=1&pageSize=100&parent=null 
2026-02-03 09:39:14 [INFO] Incoming request: GET /api/v1/brands/list?pageNumber=1&pageSize=100 
2026-02-03 09:39:14 [INFO] Incoming request: GET /api/v1/products/list?pageNumber=1&pageSize=10&search= 
2026-02-03 09:39:35 [INFO] Incoming request: GET /api/v1/categories/list?pageNumber=1&pageSize=100&parent=null 
2026-02-03 09:39:35 [INFO] Incoming request: GET /api/v1/brands/list?pageNumber=1&pageSize=100 
2026-02-03 09:42:29 [INFO] Incoming request: GET /api/v1/categories/list?pageNumber=1&pageSize=100&parent=null 
2026-02-03 09:42:29 [INFO] Incoming request: GET /api/v1/categories/list?pageNumber=1&pageSize=10&search=&parent=null 
2026-02-03 09:43:01 [INFO] Incoming request: GET /api/v1/categories/list?pageNumber=1&pageSize=100&parent=null 
2026-02-03 09:43:01 [INFO] Incoming request: GET /api/v1/brands/list?pageNumber=1&pageSize=100 
2026-02-03 09:43:01 [INFO] Incoming request: GET /api/v1/products/list?pageNumber=1&pageSize=10&search= 
2026-02-03 09:44:00 [INFO] Incoming request: GET /api/v1/categories/list?pageNumber=1&pageSize=100&parent=null 
2026-02-03 09:44:00 [INFO] Incoming request: GET /api/v1/categories/list?pageNumber=1&pageSize=10&search=&parent=null 
2026-02-03 09:44:36 [INFO] Incoming request: GET /api/v1/categories/list?pageNumber=1&pageSize=100&parent=null 
2026-02-03 09:44:37 [INFO] Incoming request: GET /api/v1/categories/list?pageNumber=1&pageSize=10&search=&parent=null 
2026-02-03 09:44:40 [INFO] Incoming request: GET /api/v1/categories/list?pageNumber=1&pageSize=100&parent=null 
2026-02-03 09:44:41 [INFO] Incoming request: GET /api/v1/categories/list?pageNumber=1&pageSize=100&parent=null 
2026-02-03 09:44:41 [INFO] Incoming request: GET /api/v1/categories/list?pageNumber=1&pageSize=10&search=&parent=null 
2026-02-03 09:44:47 [INFO] Incoming request: GET /api/v1/brands/list?pageNumber=1&pageSize=10&search= 
2026-02-03 09:45:11 [INFO] Incoming request: GET /api/v1/brands/list?pageNumber=1&pageSize=10&search= 
2026-02-03 09:48:30 [INFO] Incoming request: GET /api/v1/brands/list?pageNumber=1&pageSize=10&search= 
2026-02-03 09:49:04 [INFO] Incoming request: GET /api/v1/brands/list?pageNumber=1&pageSize=10&search= 
2026-02-03 09:49:11 [INFO] Incoming request: GET /api/v1/brands/list?pageNumber=1&pageSize=10&search= 
2026-02-03 09:49:17 [INFO] Incoming request: GET /api/v1/brands/list?pageNumber=1&pageSize=10&search= 
2026-02-03 09:49:26 [INFO] Incoming request: GET /api/v1/brands/list?pageNumber=1&pageSize=10&search= 
2026-02-03 09:49:30 [INFO] Incoming request: GET /api/v1/brands/list?pageNumber=1&pageSize=10&search= 
2026-02-03 09:50:39 [INFO] Incoming request: GET /api/v1/brands/list?pageNumber=1&pageSize=10&search= 
2026-02-03 09:50:58 [INFO] Incoming request: GET /api/v1/brands/list?pageNumber=1&pageSize=10&search= 
2026-02-03 09:51:16 [INFO] Incoming request: GET /api/v1/brands/list?pageNumber=1&pageSize=10&search= 
2026-02-03 09:51:19 [INFO] Incoming request: GET /api/v1/brands/list?pageNumber=1&pageSize=10&search= 
2026-02-03 09:51:51 [INFO] Incoming request: GET /api/v1/brands/list?pageNumber=1&pageSize=10&search= 
2026-02-03 09:51:54 [INFO] Incoming request: GET /api/v1/brands/list?pageNumber=1&pageSize=10&search= 
2026-02-03 09:52:21 [INFO] Incoming request: GET /api/v1/brands/list?pageNumber=1&pageSize=10&search= 
2026-02-03 09:53:27 [INFO] Incoming request: GET /api/v1/brands/list?pageNumber=1&pageSize=10&search= 
2026-02-03 09:53:31 [INFO] Incoming request: GET /api/v1/brands/list?pageNumber=1&pageSize=10&search= 
2026-02-03 09:53:39 [INFO] Incoming request: GET /api/v1/brands/list?pageNumber=1&pageSize=10&search= 
2026-02-03 09:53:42 [INFO] Incoming request: GET /api/v1/brands/list?pageNumber=1&pageSize=10&search= 
2026-02-03 09:53:43 [INFO] Incoming request: GET /api/v1/brands/list?pageNumber=1&pageSize=10&search= 
2026-02-03 09:54:05 [INFO] Incoming request: GET /api/v1/brands/list?pageNumber=1&pageSize=10&search= 
2026-02-03 09:54:44 [INFO] Incoming request: GET /api/v1/brands/list?pageNumber=1&pageSize=10&search= 
2026-02-03 09:55:11 [INFO] Incoming request: GET /api/v1/brands/list?pageNumber=1&pageSize=10&search= 
2026-02-03 09:56:04 [INFO] Incoming request: GET /api/v1/brands/list?pageNumber=1&pageSize=10&search= 
2026-02-03 09:56:08 [INFO] Incoming request: GET /api/v1/brands/list?pageNumber=1&pageSize=10&search= 
2026-02-03 09:56:11 [INFO] Incoming request: GET /api/v1/brands/list?pageNumber=1&pageSize=10&search= 
2026-02-03 09:56:20 [INFO] Incoming request: GET /api/v1/brands/list?pageNumber=1&pageSize=10&search= 
2026-02-03 09:56:24 [INFO] Incoming request: GET /api/v1/brands/list?pageNumber=1&pageSize=10&search= 
2026-02-03 10:01:18 [INFO] Incoming request: GET /api/v1/brands/list?pageNumber=1&pageSize=10&search= 
2026-02-03 10:02:57 [INFO] Incoming request: GET /api/v1/brands/list?pageNumber=1&pageSize=10&search=&console=%5Bobject+console%5D 
2026-02-03 10:03:34 [INFO] Incoming request: GET /api/v1/brands/list?pageNumber=1&pageSize=10&search= 
2026-02-03 10:03:52 [INFO] Incoming request: GET /api/v1/brands/list?pageNumber=1&pageSize=10&search= 
2026-02-03 10:04:32 [INFO] Incoming request: GET /api/v1/brands/list?pageNumber=1&pageSize=10&search= 
2026-02-03 10:14:32 [INFO] Incoming request: GET /api/v1/brands/list?pageNumber=1&pageSize=10&search= 
2026-02-03 10:29:36 [INFO] Incoming request: GET /api/v1/brands/list?pageNumber=1&pageSize=10&search= 
2026-02-03 10:33:06 [INFO] Incoming request: GET /api/v1/companies/list 
2026-02-03 10:33:06 [INFO] Incoming request: GET /api/v1/company-branches/list 
2026-02-03 10:33:18 [INFO] Incoming request: GET /api/v1/companies/list?search= 
2026-02-03 10:33:30 [INFO] Incoming request: GET /api/v1/raw-queries/list?pageNumber=1&pageSize=10&search= 
2026-02-03 10:33:31 [INFO] Incoming request: GET /api/v1/suppliers/search?search=&limit=5 
2026-02-03 10:35:29 [INFO] Incoming request: GET /api/v1/brands/list?pageNumber=1&pageSize=10&search= 
2026-02-03 10:39:33 [INFO] Incoming request: GET /api/v1/brands/list?pageNumber=1&pageSize=10&search= 
2026-02-03 10:39:42 [INFO] Incoming request: GET /api/v1/brands/list?pageNumber=1&pageSize=10&search= 
2026-02-03 10:43:10 [INFO] Incoming request: GET /api/v1/categories/list?pageNumber=1&pageSize=100&parent=null 
2026-02-03 10:43:10 [INFO] Incoming request: GET /api/v1/brands/list?pageNumber=1&pageSize=100 
2026-02-03 10:43:10 [INFO] Incoming request: GET /api/v1/products/list?pageNumber=1&pageSize=10&search= 
2026-02-03 10:43:12 [INFO] Incoming request: GET /api/v1/categories/list?pageNumber=1&pageSize=100&parent=null 
2026-02-03 10:43:12 [INFO] Incoming request: GET /api/v1/brands/list?pageNumber=1&pageSize=100 
2026-02-03 10:43:12 [INFO] Incoming request: GET /api/v1/products/get-by-id?productId=697f378f17c04e5459fbfed3 
2026-02-03 10:43:12 [INFO] Incoming request: GET /api/v1/categories/list?pageNumber=1&pageSize=100&parent=697f11cfa17de6084c0cdfc2 
2026-02-03 10:44:19 [INFO] Incoming request: GET /api/v1/categories/list?pageNumber=1&pageSize=100&parent=null 
2026-02-03 10:44:19 [INFO] Incoming request: GET /api/v1/brands/list?pageNumber=1&pageSize=100 
2026-02-03 10:44:19 [INFO] Incoming request: GET /api/v1/products/get-by-id?productId=697f378f17c04e5459fbfed3 
2026-02-03 10:44:19 [INFO] Incoming request: GET /api/v1/categories/list?pageNumber=1&pageSize=100&parent=697f11cfa17de6084c0cdfc2 
2026-02-03 10:45:32 [INFO] Incoming request: GET /api/v1/brands/list?pageNumber=1&pageSize=10&search= 
2026-02-03 10:47:56 [INFO] Incoming request: GET /api/v1/brands/list?pageNumber=1&pageSize=10&search= 
2026-02-03 10:48:22 [INFO] Incoming request: GET /api/v1/brands/list?pageNumber=1&pageSize=10&search= 
2026-02-03 10:50:55 [INFO] Incoming request: GET /api/v1/companies/list 
2026-02-03 10:50:55 [INFO] Incoming request: GET /api/v1/company-branches/list 
2026-02-03 10:51:01 [INFO] Incoming request: GET /api/v1/brands/list?pageNumber=1&pageSize=10&search= 
2026-02-03 10:51:15 [INFO] Incoming request: GET /api/v1/brands/list?pageNumber=1&pageSize=10&search= 
2026-02-03 10:51:19 [INFO] Incoming request: GET /api/v1/companies/list 
2026-02-03 10:51:19 [INFO] Incoming request: GET /api/v1/company-branches/list 
2026-02-03 10:51:25 [INFO] Incoming request: GET /api/v1/categories/list?pageNumber=1&pageSize=100&parent=null 
2026-02-03 10:51:25 [INFO] Incoming request: GET /api/v1/categories/list?pageNumber=1&pageSize=10&search=&parent=null 
2026-02-03 10:51:55 [INFO] Incoming request: GET /api/v1/raw-queries/list?pageNumber=1&pageSize=10&search= 
2026-02-03 10:52:41 [INFO] Incoming request: GET /api/v1/companies/list?search= 
2026-02-03 10:52:45 [INFO] Incoming request: GET /api/v1/companies/get-by-id?companyId=69770402bbf8b479d1e8ef4d 
2026-02-03 10:53:43 [INFO] Incoming request: GET /api/v1/companies/get-by-id?companyId=69770402bbf8b479d1e8ef4d 
2026-02-03 10:53:58 [INFO] Incoming request: GET /api/v1/brands/list?pageNumber=1&pageSize=10&search= 
2026-02-03 10:54:00 [INFO] Incoming request: GET /api/v1/brands/get-by-id?brandId=697f4ae79d3e654fd2ee85aa 
2026-02-03 10:54:14 [INFO] Incoming request: PUT /api/v1/brands/update?brandId=697f4ae79d3e654fd2ee85aa 
2026-02-03 10:54:14 [INFO] Incoming request: GET /api/v1/brands/list?pageNumber=1&pageSize=10&search= 
2026-02-03 10:58:17 [INFO] Incoming request: GET /api/v1/brands/list?pageNumber=1&pageSize=10&search= 
2026-02-03 10:58:21 [INFO] Incoming request: GET /api/v1/brands/get-by-id?brandId=697f4ae79d3e654fd2ee85aa 
2026-02-03 10:58:28 [INFO] Incoming request: GET /api/v1/brands/list?pageNumber=1&pageSize=10&search= 
2026-02-03 10:58:32 [INFO] Incoming request: GET /api/v1/brands/list?pageNumber=1&pageSize=10&search=a 
2026-02-03 10:58:35 [INFO] Incoming request: GET /api/v1/brands/list?pageNumber=1&pageSize=10&search=as 
2026-02-03 10:58:38 [INFO] Incoming request: GET /api/v1/brands/list?pageNumber=1&pageSize=10&search=asd 
2026-02-03 10:58:40 [INFO] Incoming request: GET /api/v1/brands/list?pageNumber=1&pageSize=10&search=asdf 
2026-02-03 10:58:42 [INFO] Incoming request: GET /api/v1/brands/list?pageNumber=1&pageSize=10&search=asdfa 
2026-02-03 10:58:45 [INFO] Incoming request: GET /api/v1/brands/list?pageNumber=1&pageSize=10&search=asdfah 
2026-02-03 11:02:55 [INFO] Incoming request: GET /api/v1/brands/list?pageNumber=1&pageSize=10&search= 
2026-02-03 11:03:11 [INFO] Incoming request: GET /api/v1/brands/get-by-id?brandId=697f4ae79d3e654fd2ee85aa 
2026-02-03 11:03:14 [INFO] Incoming request: GET /api/v1/brands/list?pageNumber=1&pageSize=10&search= 
2026-02-03 11:03:15 [INFO] Incoming request: GET /api/v1/brands/get-by-id?brandId=697f4ae79d3e654fd2ee85aa 
2026-02-03 11:03:16 [INFO] Incoming request: GET /api/v1/brands/list?pageNumber=1&pageSize=10&search= 
2026-02-03 11:03:18 [INFO] Incoming request: GET /api/v1/companies/get-by-id?companyId=69770402bbf8b479d1e8ef4d 
2026-02-03 11:03:20 [INFO] Incoming request: GET /api/v1/companies/list?search= 
2026-02-03 11:03:28 [INFO] Incoming request: GET /api/v1/raw-queries/list?pageNumber=1&pageSize=10&search= 
2026-02-03 11:03:40 [INFO] Incoming request: GET /api/v1/categories/list?pageNumber=1&pageSize=100&parent=null 
2026-02-03 11:03:41 [INFO] Incoming request: GET /api/v1/categories/list?pageNumber=1&pageSize=10&search=&parent=null 
2026-02-03 11:03:42 [INFO] Incoming request: GET /api/v1/companies/list 
2026-02-03 11:03:42 [INFO] Incoming request: GET /api/v1/company-branches/list 
2026-02-03 11:03:44 [INFO] Incoming request: GET /api/v1/brands/list?pageNumber=1&pageSize=10&search= 
2026-02-03 11:03:46 [INFO] Incoming request: GET /api/v1/categories/list?pageNumber=1&pageSize=100&parent=null 
2026-02-03 11:03:46 [INFO] Incoming request: GET /api/v1/brands/list?pageNumber=1&pageSize=100 
2026-02-03 11:03:46 [INFO] Incoming request: GET /api/v1/products/get-by-id?productId=697f378f17c04e5459fbfed3 
2026-02-03 11:03:46 [INFO] Incoming request: GET /api/v1/categories/list?pageNumber=1&pageSize=100&parent=697f11cfa17de6084c0cdfc2 
2026-02-03 11:03:48 [INFO] Incoming request: GET /api/v1/categories/list?pageNumber=1&pageSize=100&parent=null 
2026-02-03 11:03:48 [INFO] Incoming request: GET /api/v1/brands/list?pageNumber=1&pageSize=100 
2026-02-03 11:03:48 [INFO] Incoming request: GET /api/v1/products/list?pageNumber=1&pageSize=10&search= 
2026-02-03 11:03:51 [INFO] Incoming request: GET /api/v1/brands/get-by-id?brandId=697f4ae79d3e654fd2ee85aa 
2026-02-03 11:03:57 [INFO] Incoming request: GET /api/v1/brands/list?pageNumber=1&pageSize=10&search= 
2026-02-03 11:15:08 [INFO] Incoming request: GET /api/v1/companies/list 
2026-02-03 11:15:08 [INFO] Incoming request: GET /api/v1/company-branches/list 
2026-02-03 11:15:18 [INFO] Incoming request: GET /api/v1/categories/list?pageNumber=1&pageSize=100&parent=null 
2026-02-03 11:15:18 [INFO] Incoming request: GET /api/v1/categories/list?pageNumber=1&pageSize=10&search=&parent=null 
2026-02-03 11:17:16 [INFO] Incoming request: GET /api/v1/brands/list?pageNumber=1&pageSize=10&search= 
2026-02-03 11:17:22 [INFO] Incoming request: GET /api/v1/categories/list?pageNumber=1&pageSize=100&parent=null 
2026-02-03 11:17:22 [INFO] Incoming request: GET /api/v1/brands/list?pageNumber=1&pageSize=100 
2026-02-03 11:17:22 [INFO] Incoming request: GET /api/v1/products/list?pageNumber=1&pageSize=10&search= 
2026-02-03 11:17:25 [INFO] Incoming request: GET /api/v1/categories/list?pageNumber=1&pageSize=100&parent=null 
2026-02-03 11:17:25 [INFO] Incoming request: GET /api/v1/brands/list?pageNumber=1&pageSize=100 
2026-02-03 11:17:33 [INFO] Incoming request: GET /api/v1/categories/list?pageNumber=1&pageSize=100&parent=null 
2026-02-03 11:17:33 [INFO] Incoming request: GET /api/v1/brands/list?pageNumber=1&pageSize=100 
2026-02-03 11:17:33 [INFO] Incoming request: GET /api/v1/products/list?pageNumber=1&pageSize=10&search= 
2026-02-03 11:17:38 [INFO] Incoming request: GET /api/v1/categories/list?pageNumber=1&pageSize=100&parent=null 
2026-02-03 11:17:38 [INFO] Incoming request: GET /api/v1/brands/list?pageNumber=1&pageSize=100 
2026-02-03 11:17:38 [INFO] Incoming request: GET /api/v1/products/get-by-id?productId=697f378f17c04e5459fbfed3 
2026-02-03 11:17:38 [INFO] Incoming request: GET /api/v1/categories/list?pageNumber=1&pageSize=100&parent=697f11cfa17de6084c0cdfc2 
2026-02-03 11:21:27 [INFO] Incoming request: GET /api/v1/categories/list?pageNumber=1&pageSize=100&parent=null 
2026-02-03 11:21:27 [INFO] Incoming request: GET /api/v1/brands/list?pageNumber=1&pageSize=100 
2026-02-03 11:21:27 [INFO] Incoming request: GET /api/v1/products/list?pageNumber=1&pageSize=10&search= 
2026-02-03 11:21:37 [INFO] Incoming request: GET /api/v1/categories/list?pageNumber=1&pageSize=100&parent=null 
2026-02-03 11:21:37 [INFO] Incoming request: GET /api/v1/categories/list?pageNumber=1&pageSize=10&search=&parent=null 
2026-02-03 11:21:41 [INFO] Incoming request: GET /api/v1/categories/list?pageNumber=1&pageSize=10&search=e&parent=null 
2026-02-03 11:22:03 [INFO] Incoming request: GET /api/v1/categories/list?pageNumber=1&pageSize=10&search=&parent=null 
2026-02-03 11:27:11 [INFO] Incoming request: GET /api/v1/categories/list?pageNumber=1&pageSize=100&parent=null 
2026-02-03 11:27:12 [INFO] Incoming request: GET /api/v1/categories/list?pageNumber=1&pageSize=10&search=&parent=null 
2026-02-03 11:30:38 [INFO] Incoming request: GET /api/v1/categories/list?pageNumber=1&pageSize=100&parent=null 
2026-02-03 11:30:38 [INFO] Incoming request: GET /api/v1/categories/list?pageNumber=1&pageSize=10&search=&parent=null 
2026-02-03 11:30:48 [INFO] Incoming request: GET /api/v1/categories/list?pageNumber=1&pageSize=100&parent=null 
2026-02-03 11:30:49 [INFO] Incoming request: GET /api/v1/categories/list?pageNumber=1&pageSize=10&search=&parent=null 
2026-02-03 11:31:12 [INFO] Incoming request: GET /api/v1/categories/list?pageNumber=1&pageSize=100&parent=697f11cfa17de6084c0cdfc2 
2026-02-03 11:31:16 [INFO] Incoming request: GET /api/v1/categories/list?pageNumber=1&pageSize=100&parent=697f11cfa17de6084c0cdfc2 
2026-02-03 11:31:23 [INFO] Incoming request: GET /api/v1/categories/list?pageNumber=1&pageSize=100&parent=697e04a83294b96424de65df 
2026-02-03 11:31:25 [INFO] Incoming request: GET /api/v1/categories/list?pageNumber=1&pageSize=100&parent=697e04a83294b96424de65df 
2026-02-03 11:49:47 [INFO] Incoming request: GET /api/v1/brands/list?pageNumber=1&pageSize=10&search= 
2026-02-03 11:50:11 [INFO] Incoming request: GET /api/v1/brands/list?pageNumber=1&pageSize=10&search= 
2026-02-03 11:50:12 [INFO] Incoming request: GET /api/v1/brands/get-by-id?brandId=697f4ae79d3e654fd2ee85aa 
2026-02-03 12:00:33 [INFO] Incoming request: GET /api/v1/brands/get-by-id?brandId=697f4ae79d3e654fd2ee85aa 
2026-02-03 12:00:40 [INFO] Incoming request: GET /api/v1/brands/list?pageNumber=1&pageSize=10&search= 
2026-02-03 12:06:55 [INFO] Incoming request: GET /api/v1/categories/list?pageNumber=1&pageSize=100&parent=null 
2026-02-03 12:06:55 [INFO] Incoming request: GET /api/v1/brands/list?pageNumber=1&pageSize=100 
2026-02-03 12:06:55 [INFO] Incoming request: GET /api/v1/products/list?pageNumber=1&pageSize=10&search= 
2026-02-03 12:06:56 [INFO] Incoming request: GET /api/v1/categories/list?pageNumber=1&pageSize=100&parent=null 
2026-02-03 12:06:56 [INFO] Incoming request: GET /api/v1/brands/list?pageNumber=1&pageSize=100 
2026-02-03 12:07:02 [INFO] Incoming request: GET /api/v1/categories/list?pageNumber=1&pageSize=100&parent=697f11cfa17de6084c0cdfc2 
2026-02-03 12:32:17 [INFO] Incoming request: GET /api/v1/suppliers/list?pageNumber=1&pageSize=10&search= 
2026-02-03 12:32:19 [INFO] Incoming request: GET /api/v1/categories/list?pageNumber=1&pageSize=100 
2026-02-03 12:32:27 [INFO] Incoming request: GET /api/v1/suppliers/list?pageNumber=1&pageSize=10&search= 
2026-02-03 12:32:30 [INFO] Incoming request: GET /api/v1/categories/list?pageNumber=1&pageSize=100 
2026-02-03 12:32:30 [INFO] Incoming request: GET /api/v1/suppliers/get-by-id?supplierId=697f2fefb6cd92712328ef50 
2026-02-03 12:56:15 [INFO] Incoming request: GET /api/v1/companies/list?search= 
2026-02-03 12:56:21 [INFO] Incoming request: GET /api/v1/companies/get-by-id?companyId=69770402bbf8b479d1e8ef4d 
2026-02-03 13:52:28 [INFO] Incoming request: GET /api/v1/companies/get-by-id?companyId=69770402bbf8b479d1e8ef4d 
2026-02-03 14:09:51 [INFO] Incoming request: GET /api/v1/companies/list?search= 
2026-02-03 14:10:12 [INFO] Incoming request: GET /api/v1/companies/list?search= 
2026-02-03 14:10:15 [INFO] Incoming request: GET /api/v1/companies/list?search= 
2026-02-03 14:10:46 [INFO] Incoming request: GET /api/v1/companies/list?search= 
2026-02-03 14:12:40 [INFO] Incoming request: GET /api/v1/companies/list?search= 
2026-02-03 14:12:42 [INFO] Incoming request: GET /api/v1/companies/list?search= 
2026-02-03 14:12:46 [INFO] Incoming request: GET /api/v1/companies/list?search= 
2026-02-03 14:12:48 [INFO] Incoming request: GET /api/v1/companies/list?search= 
2026-02-03 14:12:51 [INFO] Incoming request: GET /api/v1/companies/list?search= 
2026-02-03 14:12:54 [INFO] Incoming request: GET /api/v1/companies/list?search= 
2026-02-03 14:13:20 [INFO] Incoming request: GET /api/v1/companies/list?search= 
2026-02-03 14:17:42 [INFO] Incoming request: GET /api/v1/companies/list?search= 
2026-02-03 14:21:47 [INFO] Incoming request: GET /api/v1/companies/list?search= 
2026-02-03 14:21:50 [INFO] Incoming request: GET /api/v1/companies/list?search= 
2026-02-03 14:21:56 [INFO] Incoming request: GET /api/v1/companies/list?search= 
2026-02-03 14:22:05 [INFO] Incoming request: GET /api/v1/companies/list?search= 
2026-02-03 14:22:07 [INFO] Incoming request: GET /api/v1/companies/list?search= 
2026-02-03 14:22:12 [INFO] Incoming request: GET /api/v1/companies/list?search= 
2026-02-03 14:22:42 [INFO] Incoming request: GET /api/v1/companies/list?search= 
2026-02-03 14:23:40 [INFO] Incoming request: GET /api/v1/companies/list?search= 
2026-02-03 14:23:53 [INFO] Incoming request: GET /api/v1/companies/list?search= 
2026-02-03 14:24:06 [INFO] Incoming request: GET /api/v1/companies/list?search= 
2026-02-03 14:24:11 [INFO] Incoming request: GET /api/v1/companies/list?search= 
2026-02-03 14:24:21 [INFO] Incoming request: GET /api/v1/companies/list?search= 
2026-02-03 14:24:29 [INFO] Incoming request: GET /api/v1/companies/list?search= 
2026-02-03 14:24:31 [INFO] Incoming request: GET /api/v1/companies/list?search= 
2026-02-03 14:25:44 [INFO] Incoming request: GET /api/v1/companies/list?search= 
2026-02-03 14:25:52 [INFO] Incoming request: GET /api/v1/companies/list?search= 
2026-02-03 14:26:03 [INFO] Incoming request: GET /api/v1/companies/list?search= 
2026-02-03 14:29:18 [INFO] Incoming request: GET /api/v1/companies/list?search= 
2026-02-03 14:29:29 [INFO] Incoming request: GET /api/v1/companies/list?search= 
2026-02-03 14:29:38 [INFO] Incoming request: GET /api/v1/companies/list?search= 
2026-02-03 14:29:43 [INFO] Incoming request: GET /api/v1/companies/list?search= 
2026-02-03 14:29:45 [INFO] Incoming request: GET /api/v1/companies/list?search= 
2026-02-03 14:29:50 [INFO] Incoming request: GET /api/v1/companies/list?search= 
2026-02-03 14:30:38 [INFO] Incoming request: GET /api/v1/companies/list?search= 
2026-02-03 14:30:43 [INFO] Incoming request: GET /api/v1/companies/list?search= 
2026-02-03 14:30:44 [INFO] Incoming request: GET /api/v1/companies/list?search= 
2026-02-03 14:33:59 [INFO] Incoming request: GET /api/v1/companies/list?search= 
2026-02-03 14:34:01 [INFO] Incoming request: GET /api/v1/companies/list?search= 
2026-02-03 14:36:38 [INFO] Incoming request: GET /api/v1/companies/list?search= 
2026-02-03 14:36:47 [INFO] Incoming request: GET /api/v1/companies/list 
2026-02-03 14:36:47 [INFO] Incoming request: GET /api/v1/company-branches/list 
2026-02-03 14:37:02 [INFO] Incoming request: GET /api/v1/categories/list?pageNumber=1&pageSize=100&parent=null 
2026-02-03 14:37:02 [INFO] Incoming request: GET /api/v1/categories/list?pageNumber=1&pageSize=10&search=&parent=null 
2026-02-03 14:37:13 [INFO] Incoming request: GET /api/v1/brands/list?pageNumber=1&pageSize=10&search= 
2026-02-03 14:37:18 [INFO] Incoming request: GET /api/v1/brands/list?pageNumber=1&pageSize=10&search= 
2026-02-03 14:37:51 [INFO] Incoming request: GET /api/v1/brands/list?pageNumber=1&pageSize=10&search= 
2026-02-03 14:37:53 [INFO] Incoming request: GET /api/v1/brands/list?pageNumber=1&pageSize=10&search= 
2026-02-03 14:37:59 [INFO] Incoming request: GET /api/v1/companies/list?search= 
2026-02-03 14:48:21 [INFO] Incoming request: GET /api/v1/companies/list?search= 
2026-02-03 14:48:39 [INFO] Incoming request: GET /api/v1/companies/list 
2026-02-03 14:48:39 [INFO] Incoming request: GET /api/v1/company-branches/list 
2026-02-03 14:50:15 [INFO] Incoming request: GET /api/v1/companies/list?search= 
2026-02-03 15:15:43 [INFO] Incoming request: GET /api/v1/companies/list?search= 
2026-02-03 15:15:50 [INFO] Incoming request: GET /api/v1/companies/get-by-id?companyId=69770402bbf8b479d1e8ef4d 
2026-02-03 15:16:00 [INFO] Incoming request: GET /api/v1/companies/list?search= 
2026-02-03 15:16:38 [INFO] Incoming request: GET /api/v1/companies/list 
2026-02-03 15:16:38 [INFO] Incoming request: GET /api/v1/company-branches/list 
2026-02-03 15:24:39 [INFO] Incoming request: GET /api/v1/raw-queries/list?pageNumber=1&pageSize=10&search= 
2026-02-03 17:17:13 [INFO] Email queue started successfully. Email sending is enabled. 
2026-02-03 17:17:13 [INFO] Server is running at port 4545 
2026-02-03 17:17:25 [INFO] Incoming request: GET /api/v1/employees/list 
2026-02-03 17:17:25 [INFO] Incoming request: GET /api/v1/company-branches/list 
2026-02-03 17:17:32 [INFO] Incoming request: GET /api/v1/company-branches/list 
2026-02-03 17:17:45 [INFO] Incoming request: GET /api/v1/company-branches/list 
2026-02-03 17:17:46 [INFO] Incoming request: GET /api/v1/companies/list 
2026-02-03 17:17:46 [INFO] Incoming request: GET /api/v1/company-branches/list 
2026-02-03 17:17:51 [INFO] Incoming request: GET /api/v1/companies/list 
2026-02-03 17:17:51 [INFO] Incoming request: GET /api/v1/company-branches/list 
2026-02-03 17:17:54 [INFO] Incoming request: GET /api/v1/categories/list?pageNumber=1&pageSize=100&parent=null 
2026-02-03 17:17:55 [INFO] Incoming request: GET /api/v1/categories/list?pageNumber=1&pageSize=10&search=&parent=null 
2026-02-03 17:17:57 [INFO] Incoming request: GET /api/v1/brands/list?pageNumber=1&pageSize=10&search= 
2026-02-03 17:17:59 [INFO] Incoming request: GET /api/v1/brands/list?pageNumber=1&pageSize=100 
2026-02-03 17:17:59 [INFO] Incoming request: GET /api/v1/categories/list?pageNumber=1&pageSize=100&parent=null 
2026-02-03 17:17:59 [INFO] Incoming request: GET /api/v1/products/list?pageNumber=1&pageSize=10&search= 
2026-02-03 17:18:01 [INFO] Incoming request: GET /api/v1/brands/list?pageNumber=1&pageSize=10&search= 
2026-02-03 17:18:18 [INFO] Incoming request: GET /api/v1/brands/list?pageNumber=1&pageSize=10&search= 
2026-02-03 17:18:22 [INFO] Incoming request: GET /api/v1/categories/list?pageNumber=1&pageSize=100&parent=null 
2026-02-03 17:18:22 [INFO] Incoming request: GET /api/v1/brands/list?pageNumber=1&pageSize=100 
2026-02-03 17:18:22 [INFO] Incoming request: GET /api/v1/products/list?pageNumber=1&pageSize=10&search= 
2026-02-03 17:18:40 [INFO] Incoming request: GET /api/v1/raw-queries/list?pageNumber=1&pageSize=10&search= 
2026-02-03 17:18:43 [INFO] Incoming request: GET /api/v1/suppliers/search?search=&limit=5 
2026-02-03 17:19:00 [INFO] Incoming request: GET /api/v1/suppliers/list?pageNumber=1&pageSize=10&search= 
2026-02-03 17:19:01 [INFO] Incoming request: GET /api/v1/categories/list?pageNumber=1&pageSize=100 
2026-02-03 17:19:10 [INFO] Incoming request: GET /api/v1/employees/list 
2026-02-03 17:19:10 [INFO] Incoming request: GET /api/v1/company-branches/list 
2026-02-03 17:19:12 [INFO] Incoming request: GET /api/v1/company-branches/list 
2026-02-03 17:19:16 [INFO] Incoming request: GET /api/v1/employees/list 
2026-02-03 17:19:16 [INFO] Incoming request: GET /api/v1/company-branches/list 
