2026-02-02 10:23:01 [INFO] Email queue started successfully. Email sending is enabled. 
2026-02-02 10:23:01 [INFO] Server is running at port 4545 
2026-02-02 10:24:16 [INFO] Incoming request: GET /api/v1/employees/list 
2026-02-02 10:24:16 [INFO] Incoming request: GET /api/v1/company-branches/list 
2026-02-02 10:24:21 [INFO] Incoming request: GET /api/v1/company-branches/list 
2026-02-02 10:33:15 [INFO] Incoming request: GET /api/v1/company-branches/list 
2026-02-02 10:34:09 [INFO] Email queue started successfully. Email sending is enabled. 
2026-02-02 10:34:09 [INFO] Server is running at port 4545 
2026-02-02 10:34:13 [INFO] Incoming request: GET /api/v1/company-branches/list 
2026-02-02 10:42:32 [INFO] Incoming request: GET /api/v1/companies/list 
2026-02-02 10:42:32 [INFO] Incoming request: GET /api/v1/company-branches/list 
2026-02-02 10:43:42 [INFO] Incoming request: GET /api/v1/employees/list 
2026-02-02 10:43:42 [INFO] Incoming request: GET /api/v1/company-branches/list 
2026-02-02 10:43:44 [INFO] Incoming request: GET /api/v1/raw-queries/list?pageNumber=1&pageSize=10&search= 
2026-02-02 10:43:45 [INFO] Incoming request: GET /api/v1/suppliers/search?search=&limit=5 
2026-02-02 10:44:16 [INFO] Incoming request: GET /api/v1/companies/list 
2026-02-02 10:44:16 [INFO] Incoming request: GET /api/v1/company-branches/list 
2026-02-02 10:44:21 [INFO] Incoming request: GET /api/v1/companies/list?search= 
2026-02-02 10:45:31 [INFO] Incoming request: GET /api/v1/companies/list 
2026-02-02 10:45:31 [INFO] Incoming request: GET /api/v1/company-branches/list 
2026-02-02 10:45:43 [INFO] Incoming request: GET /api/v1/employees/list 
2026-02-02 10:45:43 [INFO] Incoming request: GET /api/v1/company-branches/list 
2026-02-02 10:45:45 [INFO] Incoming request: GET /api/v1/company-branches/list 
2026-02-02 10:45:45 [INFO] Incoming request: GET /api/v1/employees/get-by-id?employeeId=697f397c17c04e5459fbfefb 
2026-02-02 10:45:55 [INFO] Incoming request: GET /api/v1/suppliers/list?pageNumber=1&pageSize=10&search= 
2026-02-02 10:46:13 [INFO] Incoming request: GET /api/v1/raw-queries/list?pageNumber=1&pageSize=10&search= 
2026-02-02 10:46:15 [INFO] Incoming request: GET /api/v1/categories/list?pageNumber=1&pageSize=100&parent=null 
2026-02-02 10:46:15 [INFO] Incoming request: GET /api/v1/brands/list?pageNumber=1&pageSize=100 
2026-02-02 10:46:15 [INFO] Incoming request: GET /api/v1/products/list?pageNumber=1&pageSize=10&search= 
2026-02-02 10:46:17 [INFO] Incoming request: GET /api/v1/categories/list?pageNumber=1&pageSize=100&parent=null 
2026-02-02 10:46:18 [INFO] Incoming request: GET /api/v1/categories/list?pageNumber=1&pageSize=10&search=&parent=null 
2026-02-02 10:46:24 [INFO] Incoming request: GET /api/v1/brands/list?pageNumber=1&pageSize=10&search= 
2026-02-02 10:46:40 [INFO] Incoming request: GET /api/v1/categories/list?pageNumber=1&pageSize=100&parent=null 
2026-02-02 10:46:40 [INFO] Incoming request: GET /api/v1/brands/list?pageNumber=1&pageSize=100 
2026-02-02 10:46:40 [INFO] Incoming request: GET /api/v1/products/list?pageNumber=1&pageSize=10&search= 
2026-02-02 10:46:42 [INFO] Incoming request: GET /api/v1/brands/list?pageNumber=1&pageSize=10&search= 
2026-02-02 10:46:43 [INFO] Incoming request: GET /api/v1/categories/list?pageNumber=1&pageSize=100&parent=null 
2026-02-02 10:46:43 [INFO] Incoming request: GET /api/v1/categories/list?pageNumber=1&pageSize=10&search=&parent=null 
2026-02-02 10:46:46 [INFO] Incoming request: GET /api/v1/companies/list?search= 
2026-02-02 10:54:08 [INFO] Incoming request: GET /api/v1/companies/list?search= 
2026-02-02 10:57:53 [INFO] Incoming request: GET /api/v1/companies/list?search= 
2026-02-02 10:58:02 [INFO] Incoming request: GET /api/v1/companies/list 
2026-02-02 10:58:02 [INFO] Incoming request: GET /api/v1/company-branches/list 
2026-02-02 10:58:17 [INFO] Incoming request: GET /api/v1/companies/list?search= 
2026-02-02 10:58:20 [INFO] Incoming request: GET /api/v1/companies/list 
2026-02-02 10:58:20 [INFO] Incoming request: GET /api/v1/company-branches/list 
2026-02-02 10:58:47 [INFO] Incoming request: GET /api/v1/employees/list 
2026-02-02 10:58:47 [INFO] Incoming request: GET /api/v1/company-branches/list 
2026-02-02 10:58:50 [INFO] Incoming request: GET /api/v1/company-branches/list 
2026-02-02 10:58:56 [INFO] Incoming request: GET /api/v1/employees/list 
2026-02-02 10:58:56 [INFO] Incoming request: GET /api/v1/company-branches/list 
2026-02-02 11:04:58 [INFO] Incoming request: GET /api/v1/companies/list?search= 
2026-02-02 11:05:04 [INFO] Incoming request: GET /api/v1/companies/list 
2026-02-02 11:05:04 [INFO] Incoming request: GET /api/v1/company-branches/list 
2026-02-02 11:05:13 [INFO] Incoming request: GET /api/v1/categories/list?pageNumber=1&pageSize=100&parent=null 
2026-02-02 11:05:13 [INFO] Incoming request: GET /api/v1/categories/list?pageNumber=1&pageSize=10&search=&parent=null 
2026-02-02 11:05:18 [INFO] Incoming request: GET /api/v1/brands/list?pageNumber=1&pageSize=10&search= 
2026-02-02 11:05:23 [INFO] Incoming request: GET /api/v1/categories/list?pageNumber=1&pageSize=100&parent=null 
2026-02-02 11:05:23 [INFO] Incoming request: GET /api/v1/brands/list?pageNumber=1&pageSize=100 
2026-02-02 11:05:23 [INFO] Incoming request: GET /api/v1/products/list?pageNumber=1&pageSize=10&search= 
2026-02-02 11:05:26 [INFO] Incoming request: GET /api/v1/categories/list?pageNumber=1&pageSize=100&parent=null 
2026-02-02 11:05:26 [INFO] Incoming request: GET /api/v1/brands/list?pageNumber=1&pageSize=100 
2026-02-02 11:06:04 [INFO] Incoming request: GET /api/v1/categories/list?pageNumber=1&pageSize=100&parent=null 
2026-02-02 11:06:04 [INFO] Incoming request: GET /api/v1/categories/list?pageNumber=1&pageSize=10&search=&parent=null 
2026-02-02 11:06:35 [INFO] Incoming request: GET /api/v1/brands/list?pageNumber=1&pageSize=10&search= 
2026-02-02 11:06:48 [INFO] Incoming request: GET /api/v1/categories/list?pageNumber=1&pageSize=100&parent=null 
2026-02-02 11:06:48 [INFO] Incoming request: GET /api/v1/brands/list?pageNumber=1&pageSize=100 
2026-02-02 11:06:48 [INFO] Incoming request: GET /api/v1/products/list?pageNumber=1&pageSize=10&search= 
2026-02-02 11:06:50 [INFO] Incoming request: GET /api/v1/categories/list?pageNumber=1&pageSize=100&parent=null 
2026-02-02 11:06:50 [INFO] Incoming request: GET /api/v1/brands/list?pageNumber=1&pageSize=100 
2026-02-02 11:07:10 [INFO] Incoming request: GET /api/v1/raw-queries/list?pageNumber=1&pageSize=10&search= 
2026-02-02 11:07:17 [INFO] Incoming request: GET /api/v1/suppliers/search?search=&limit=5 
2026-02-02 11:08:01 [INFO] Incoming request: GET /api/v1/suppliers/list?pageNumber=1&pageSize=10&search= 
2026-02-02 11:08:02 [INFO] Incoming request: GET /api/v1/categories/list?pageNumber=1&pageSize=100 
2026-02-02 11:08:25 [INFO] Incoming request: GET /api/v1/employees/list 
2026-02-02 11:08:25 [INFO] Incoming request: GET /api/v1/company-branches/list 
2026-02-02 11:08:27 [INFO] Incoming request: GET /api/v1/company-branches/list 
2026-02-02 11:08:37 [INFO] Incoming request: GET /api/v1/companies/list?search= 
2026-02-02 11:08:38 [INFO] Incoming request: GET /api/v1/companies/list 
2026-02-02 11:08:38 [INFO] Incoming request: GET /api/v1/company-branches/list 
2026-02-02 11:08:44 [INFO] Incoming request: GET /api/v1/companies/list?search= 
2026-02-02 11:08:55 [INFO] Incoming request: GET /api/v1/categories/list?pageNumber=1&pageSize=100&parent=null 
2026-02-02 11:08:55 [INFO] Incoming request: GET /api/v1/brands/list?pageNumber=1&pageSize=100 
2026-02-02 11:08:55 [INFO] Incoming request: GET /api/v1/products/list?pageNumber=1&pageSize=10&search= 
2026-02-02 11:08:56 [INFO] Incoming request: GET /api/v1/categories/list?pageNumber=1&pageSize=100&parent=null 
2026-02-02 11:08:56 [INFO] Incoming request: GET /api/v1/brands/list?pageNumber=1&pageSize=100 
2026-02-02 11:08:56 [INFO] Incoming request: GET /api/v1/products/get-by-id?productId=697f378f17c04e5459fbfed3 
2026-02-02 11:08:56 [INFO] Incoming request: GET /api/v1/categories/list?pageNumber=1&pageSize=100&parent=697f11cfa17de6084c0cdfc2 
2026-02-02 11:31:33 [INFO] Incoming request: GET /api/v1/companies/list?search= 
2026-02-02 11:31:36 [INFO] Incoming request: GET /api/v1/categories/list?pageNumber=1&pageSize=100&parent=null 
2026-02-02 11:31:36 [INFO] Incoming request: GET /api/v1/brands/list?pageNumber=1&pageSize=100 
2026-02-02 11:31:36 [INFO] Incoming request: GET /api/v1/products/list?pageNumber=1&pageSize=10&search= 
2026-02-02 11:32:31 [INFO] Incoming request: GET /api/v1/categories/list?pageNumber=1&pageSize=100&parent=null 
2026-02-02 11:32:31 [INFO] Incoming request: GET /api/v1/brands/list?pageNumber=1&pageSize=100 
2026-02-02 11:32:46 [INFO] Incoming request: GET /api/v1/categories/list?pageNumber=1&pageSize=100&parent=697f11cfa17de6084c0cdfc2 
2026-02-02 11:32:59 [INFO] Incoming request: GET /api/v1/categories/list?pageNumber=1&pageSize=100&parent=null 
2026-02-02 11:32:59 [INFO] Incoming request: GET /api/v1/brands/list?pageNumber=1&pageSize=100 
2026-02-02 11:33:14 [INFO] Incoming request: GET /api/v1/companies/list?search= 
2026-02-02 11:33:33 [INFO] Incoming request: GET /api/v1/companies/list?search=m 
2026-02-02 11:33:35 [INFO] Incoming request: GET /api/v1/companies/list?search=me 
2026-02-02 11:33:36 [INFO] Incoming request: GET /api/v1/companies/list?search=mer 
2026-02-02 11:33:42 [INFO] Incoming request: GET /api/v1/companies/list?search= 
2026-02-02 11:36:40 [INFO] Incoming request: GET /api/v1/categories/list?pageNumber=1&pageSize=100&parent=null 
2026-02-02 11:36:40 [INFO] Incoming request: GET /api/v1/categories/list?pageNumber=1&pageSize=10&search=&parent=null 
2026-02-02 11:37:17 [INFO] Incoming request: GET /api/v1/categories/list?pageNumber=1&pageSize=100&parent=697f11cfa17de6084c0cdfc2 
2026-02-02 11:37:30 [INFO] Incoming request: GET /api/v1/categories/list?pageNumber=1&pageSize=100&parent=697e04a83294b96424de65df 
2026-02-02 11:37:37 [INFO] Incoming request: GET /api/v1/categories/list?pageNumber=1&pageSize=100&parent=697f11cfa17de6084c0cdfc2 
2026-02-02 11:38:03 [INFO] Incoming request: GET /api/v1/companies/list?search= 
2026-02-02 11:50:52 [INFO] Incoming request: GET /api/v1/suppliers/list?pageNumber=1&pageSize=10&search= 
2026-02-02 11:50:57 [INFO] Incoming request: GET /api/v1/suppliers/get-by-id?supplierId=697f2fefb6cd92712328ef50 
2026-02-02 11:50:57 [INFO] Incoming request: GET /api/v1/categories/list?pageNumber=1&pageSize=100 
2026-02-02 11:51:50 [INFO] Incoming request: GET /api/v1/categories/list?pageNumber=1&pageSize=100&parent=null 
2026-02-02 11:51:50 [INFO] Incoming request: GET /api/v1/brands/list?pageNumber=1&pageSize=100 
2026-02-02 11:51:50 [INFO] Incoming request: GET /api/v1/products/list?pageNumber=1&pageSize=10&search= 
2026-02-02 11:51:52 [INFO] Incoming request: GET /api/v1/categories/list?pageNumber=1&pageSize=100&parent=null 
2026-02-02 11:51:52 [INFO] Incoming request: GET /api/v1/brands/list?pageNumber=1&pageSize=100 
2026-02-02 11:53:08 [INFO] Incoming request: GET /api/v1/companies/list 
2026-02-02 11:53:08 [INFO] Incoming request: GET /api/v1/company-branches/list 
2026-02-02 11:53:19 [INFO] Incoming request: GET /api/v1/companies/list?search= 
2026-02-02 12:29:36 [INFO] Incoming request: GET /api/v1/raw-queries/list?pageNumber=1&pageSize=10&search= 
2026-02-02 12:29:39 [INFO] Incoming request: GET /api/v1/suppliers/search?search=&limit=5 
2026-02-02 12:49:00 [INFO] Incoming request: GET /api/v1/companies/list?search= 
2026-02-02 12:58:28 [INFO] Incoming request: GET /api/v1/companies/list?search= 
2026-02-02 12:58:41 [INFO] Incoming request: GET /api/v1/companies/list?search= 
2026-02-02 12:58:46 [INFO] Incoming request: GET /api/v1/companies/get-by-id?companyId=69770402bbf8b479d1e8ef4d 
2026-02-02 12:58:59 [INFO] Incoming request: GET /api/v1/companies/list?search= 
2026-02-02 13:00:44 [INFO] Incoming request: GET /api/v1/companies/list?search= 
2026-02-02 13:31:19 [INFO] Incoming request: GET /api/v1/companies/list?search= 
2026-02-02 13:31:33 [INFO] Incoming request: GET /api/v1/companies/list?search= 
2026-02-02 13:31:41 [INFO] Incoming request: GET /api/v1/companies/get-by-id?companyId=69770402bbf8b479d1e8ef4d 
2026-02-02 13:33:12 [INFO] Incoming request: GET /api/v1/suppliers/list?pageNumber=1&pageSize=10&search= 
2026-02-02 13:33:18 [INFO] Incoming request: GET /api/v1/categories/list?pageNumber=1&pageSize=100 
2026-02-02 13:33:18 [INFO] Incoming request: GET /api/v1/suppliers/get-by-id?supplierId=697f2fefb6cd92712328ef50 
2026-02-02 13:33:33 [INFO] Incoming request: PUT /api/v1/suppliers/update?supplierId=697f2fefb6cd92712328ef50 
2026-02-02 13:33:33 [INFO] Incoming request: GET /api/v1/suppliers/list?pageNumber=1&pageSize=10&search= 
2026-02-02 13:33:52 [INFO] Incoming request: GET /api/v1/companies/list?search= 
2026-02-02 13:34:01 [INFO] Incoming request: GET /api/v1/companies/get-by-id?companyId=69770402bbf8b479d1e8ef4d 
2026-02-02 13:36:44 [INFO] Incoming request: GET /api/v1/companies/get-by-id?companyId=69770402bbf8b479d1e8ef4d 
2026-02-02 13:36:50 [INFO] Incoming request: GET /api/v1/companies/get-by-id?companyId=69770402bbf8b479d1e8ef4d 
2026-02-02 13:37:32 [INFO] Incoming request: GET /api/v1/companies/get-by-id?companyId=69770402bbf8b479d1e8ef4d 
2026-02-02 13:41:00 [INFO] Incoming request: GET /api/v1/companies/get-by-id?companyId=69770402bbf8b479d1e8ef4d 
2026-02-02 13:42:34 [INFO] Incoming request: GET /api/v1/companies/get-by-id?companyId=69770402bbf8b479d1e8ef4d 
2026-02-02 13:42:37 [INFO] Incoming request: GET /api/v1/companies/get-by-id?companyId=69770402bbf8b479d1e8ef4d 
2026-02-02 13:42:39 [INFO] Incoming request: GET /api/v1/companies/get-by-id?companyId=69770402bbf8b479d1e8ef4d 
2026-02-02 13:42:42 [INFO] Incoming request: GET /api/v1/companies/get-by-id?companyId=69770402bbf8b479d1e8ef4d 
2026-02-02 13:42:47 [INFO] Incoming request: GET /api/v1/companies/get-by-id?companyId=69770402bbf8b479d1e8ef4d 
2026-02-02 13:42:54 [INFO] Incoming request: GET /api/v1/companies/get-by-id?companyId=69770402bbf8b479d1e8ef4d 
2026-02-02 13:42:56 [INFO] Incoming request: GET /api/v1/companies/get-by-id?companyId=69770402bbf8b479d1e8ef4d 
2026-02-02 13:42:58 [INFO] Incoming request: GET /api/v1/companies/get-by-id?companyId=69770402bbf8b479d1e8ef4d 
2026-02-02 13:43:04 [INFO] Incoming request: GET /api/v1/companies/get-by-id?companyId=69770402bbf8b479d1e8ef4d 
2026-02-02 13:43:06 [INFO] Incoming request: GET /api/v1/companies/get-by-id?companyId=69770402bbf8b479d1e8ef4d 
2026-02-02 13:43:10 [INFO] Incoming request: GET /api/v1/companies/get-by-id?companyId=69770402bbf8b479d1e8ef4d 
2026-02-02 13:43:22 [INFO] Incoming request: GET /api/v1/companies/list?search= 
2026-02-02 13:43:42 [INFO] Incoming request: GET /api/v1/companies/get-by-id?companyId=69770402bbf8b479d1e8ef4d 
2026-02-02 13:48:15 [INFO] Incoming request: GET /api/v1/companies/get-by-id?companyId=69770402bbf8b479d1e8ef4d 
2026-02-02 14:38:14 [INFO] Incoming request: GET /api/v1/companies/get-by-id?companyId=69770402bbf8b479d1e8ef4d 
2026-02-02 14:40:59 [INFO] Incoming request: GET /api/v1/companies/get-by-id?companyId=69770402bbf8b479d1e8ef4d 
2026-02-02 14:48:57 [INFO] Received SIGINT, shutting down gracefully... 
2026-02-02 14:49:04 [INFO] Email queue started successfully. Email sending is enabled. 
2026-02-02 14:49:04 [INFO] Server is running at port 4545 
2026-02-02 14:51:33 [INFO] Incoming request: GET /favicon.ico 
2026-02-02 14:51:52 [INFO] Incoming request: GET /health/api 
2026-02-02 14:52:10 [INFO] Incoming request: GET /health/api/v1/companies/list 
2026-02-02 14:54:27 [INFO] Incoming request: GET /health/api/test 
2026-02-02 15:05:39 [INFO] Incoming request: GET /api/v1/companies/get-by-id?companyId=69770402bbf8b479d1e8ef4d 
2026-02-02 15:05:42 [INFO] Incoming request: GET /api/v1/companies/get-by-id?companyId=69770402bbf8b479d1e8ef4d 
2026-02-02 15:07:35 [INFO] Incoming request: PUT /api/v1/companies/update?companyId=69770402bbf8b479d1e8ef4d 
2026-02-02 15:07:36 [INFO] Incoming request: GET /api/v1/companies/list?search= 
2026-02-02 15:08:59 [INFO] Incoming request: GET /api/v1/companies/list?search= 
2026-02-02 15:12:25 [INFO] Incoming request: GET /api/v1/companies/list?search= 
2026-02-02 15:12:39 [INFO] Incoming request: GET /api/v1/companies/get-by-id?companyId=697703dbbbf8b479d1e8ef4a 
2026-02-02 15:17:29 [INFO] Incoming request: GET /api/v1/companies/get-by-id?companyId=697703dbbbf8b479d1e8ef4a 
2026-02-02 15:18:17 [INFO] Incoming request: GET /api/v1/companies/get-by-id?companyId=697703dbbbf8b479d1e8ef4a 
2026-02-02 15:21:52 [INFO] Incoming request: GET /api/v1/companies/get-by-id?companyId=697703dbbbf8b479d1e8ef4a 
2026-02-02 15:21:57 [INFO] Incoming request: GET /api/v1/companies/get-by-id?companyId=697703dbbbf8b479d1e8ef4a 
2026-02-02 15:22:02 [INFO] Incoming request: GET /api/v1/companies/get-by-id?companyId=697703dbbbf8b479d1e8ef4a 
2026-02-02 15:22:05 [INFO] Incoming request: GET /api/v1/companies/get-by-id?companyId=697703dbbbf8b479d1e8ef4a 
2026-02-02 15:22:12 [INFO] Incoming request: GET /api/v1/companies/get-by-id?companyId=697703dbbbf8b479d1e8ef4a 
2026-02-02 15:22:22 [INFO] Incoming request: GET /api/v1/companies/get-by-id?companyId=697703dbbbf8b479d1e8ef4a 
2026-02-02 15:22:33 [INFO] Incoming request: GET /api/v1/companies/list?search= 
2026-02-02 15:22:47 [INFO] Incoming request: GET /api/v1/companies/get-by-id?companyId=69770402bbf8b479d1e8ef4d 
2026-02-02 15:24:15 [INFO] Incoming request: GET /api/v1/companies/get-by-id?companyId=69770402bbf8b479d1e8ef4d 
2026-02-02 15:24:23 [INFO] Incoming request: GET /api/v1/companies/get-by-id?companyId=69770402bbf8b479d1e8ef4d 
2026-02-02 15:24:25 [INFO] Incoming request: GET /api/v1/companies/get-by-id?companyId=69770402bbf8b479d1e8ef4d 
2026-02-02 15:24:29 [INFO] Incoming request: GET /api/v1/companies/get-by-id?companyId=69770402bbf8b479d1e8ef4d 
2026-02-02 15:24:31 [INFO] Incoming request: GET /api/v1/companies/get-by-id?companyId=69770402bbf8b479d1e8ef4d 
2026-02-02 15:24:34 [INFO] Incoming request: GET /api/v1/companies/get-by-id?companyId=69770402bbf8b479d1e8ef4d 
2026-02-02 15:35:50 [INFO] Incoming request: GET /api/v1/companies/get-by-id?companyId=69770402bbf8b479d1e8ef4d 
2026-02-02 15:35:57 [INFO] Incoming request: PUT /api/v1/companies/update?companyId=69770402bbf8b479d1e8ef4d 
2026-02-02 15:35:58 [INFO] Incoming request: GET /api/v1/companies/list?search= 
2026-02-02 15:39:31 [INFO] Incoming request: GET /api/v1/companies/list?search= 
2026-02-02 15:39:35 [INFO] Incoming request: GET /api/v1/companies/list?search= 
2026-02-02 15:40:39 [INFO] Incoming request: GET /api/v1/companies/get-by-id?companyId=69770402bbf8b479d1e8ef4d 
2026-02-02 15:40:52 [INFO] Incoming request: GET /api/v1/companies/get-by-id?companyId=69770402bbf8b479d1e8ef4d 
2026-02-02 15:41:44 [INFO] Incoming request: GET /api/v1/companies/get-by-id?companyId=69770402bbf8b479d1e8ef4d 
2026-02-02 15:41:50 [INFO] Incoming request: GET /api/v1/companies/get-by-id?companyId=69770402bbf8b479d1e8ef4d 
2026-02-02 15:42:03 [INFO] Incoming request: GET /api/v1/companies/list?search= 
2026-02-02 15:42:10 [INFO] Incoming request: GET /api/v1/companies/get-by-id?companyId=69770402bbf8b479d1e8ef4d 
2026-02-02 15:43:21 [INFO] Incoming request: GET /api/v1/companies/get-by-id?companyId=69770402bbf8b479d1e8ef4d 
2026-02-02 15:43:32 [INFO] Incoming request: GET /api/v1/companies/get-by-id?companyId=69770402bbf8b479d1e8ef4d 
2026-02-02 15:43:57 [INFO] Incoming request: GET /api/v1/companies/list?search= 
2026-02-02 15:44:10 [INFO] Incoming request: GET /api/v1/companies/get-by-id?companyId=69770402bbf8b479d1e8ef4d 
2026-02-02 15:44:17 [INFO] Incoming request: PUT /api/v1/companies/update?companyId=69770402bbf8b479d1e8ef4d 
2026-02-02 15:44:17 [INFO] Incoming request: GET /api/v1/companies/list?search= 
2026-02-02 16:05:55 [INFO] Incoming request: GET /api/v1/companies/list 
2026-02-02 16:05:55 [INFO] Incoming request: GET /api/v1/company-branches/list 
2026-02-02 16:16:57 [INFO] Incoming request: GET /api/v1/raw-queries/list?pageNumber=1&pageSize=10&search= 
2026-02-02 16:17:12 [INFO] Incoming request: GET /api/v1/raw-queries/list?pageNumber=1&pageSize=10&search= 
2026-02-02 16:17:16 [INFO] Incoming request: GET /api/v1/suppliers/search?search=&limit=5 
2026-02-02 17:00:28 [INFO] Incoming request: GET /api/v1/companies/list 
2026-02-02 17:00:28 [INFO] Incoming request: GET /api/v1/company-branches/list 
2026-02-02 17:04:38 [INFO] Incoming request: GET /api/v1/company-branches/get-by-id?companyBranchId=697705a7bbf8b479d1e8ef56 
2026-02-02 17:04:38 [INFO] Incoming request: GET /api/v1/companies/get-by-id?companyId=697703dbbbf8b479d1e8ef4a 
2026-02-02 17:04:38 [INFO] Incoming request: GET /api/v1/employees/list?branchId=697705a7bbf8b479d1e8ef56 
2026-02-02 17:04:43 [INFO] Incoming request: GET /api/v1/companies/list 
2026-02-02 17:04:43 [INFO] Incoming request: GET /api/v1/company-branches/list 
