2026-02-01 12:41:52 [INFO] Email queue started successfully. Email sending is enabled. 
2026-02-01 12:41:52 [INFO] Server is running at port 4545 
2026-02-01 12:42:19 [INFO] Incoming request: GET /api/v1/companies/list?search= 
2026-02-01 12:56:34 [INFO] Incoming request: GET /api/v1/companies/list 
2026-02-01 12:56:34 [INFO] Incoming request: GET /api/v1/company-branches/list 
2026-02-01 12:56:34 [INFO] Incoming request: GET /api/v1/companies/list?search= 
2026-02-01 13:55:59 [INFO] Email queue started successfully. Email sending is enabled. 
2026-02-01 13:55:59 [INFO] Server is running at port 4545 
2026-02-01 13:56:09 [INFO] Email queue started successfully. Email sending is enabled. 
2026-02-01 13:56:09 [INFO] Server is running at port 4545 
2026-02-01 13:56:41 [INFO] Email queue started successfully. Email sending is enabled. 
2026-02-01 13:56:41 [INFO] Server is running at port 4545 
2026-02-01 13:56:46 [INFO] Email queue started successfully. Email sending is enabled. 
2026-02-01 13:56:46 [INFO] Server is running at port 4545 
2026-02-01 13:56:56 [INFO] Email queue started successfully. Email sending is enabled. 
2026-02-01 13:56:56 [INFO] Server is running at port 4545 
2026-02-01 13:57:32 [INFO] Email queue started successfully. Email sending is enabled. 
2026-02-01 13:57:32 [INFO] Server is running at port 4545 
2026-02-01 13:57:41 [INFO] Email queue started successfully. Email sending is enabled. 
2026-02-01 13:57:41 [INFO] Server is running at port 4545 
2026-02-01 13:57:57 [INFO] Email queue started successfully. Email sending is enabled. 
2026-02-01 13:57:57 [INFO] Server is running at port 4545 
2026-02-01 13:58:29 [INFO] Email queue started successfully. Email sending is enabled. 
2026-02-01 13:58:29 [INFO] Server is running at port 4545 
2026-02-01 13:58:37 [INFO] Email queue started successfully. Email sending is enabled. 
2026-02-01 13:58:37 [INFO] Server is running at port 4545 
2026-02-01 13:58:46 [INFO] Email queue started successfully. Email sending is enabled. 
2026-02-01 13:58:46 [INFO] Server is running at port 4545 
2026-02-01 13:59:12 [INFO] Email queue started successfully. Email sending is enabled. 
2026-02-01 13:59:12 [INFO] Server is running at port 4545 
2026-02-01 13:59:16 [INFO] Email queue started successfully. Email sending is enabled. 
2026-02-01 13:59:16 [INFO] Server is running at port 4545 
2026-02-01 13:59:24 [INFO] Email queue started successfully. Email sending is enabled. 
2026-02-01 13:59:24 [INFO] Server is running at port 4545 
2026-02-01 13:59:51 [INFO] Email queue started successfully. Email sending is enabled. 
2026-02-01 13:59:51 [INFO] Server is running at port 4545 
2026-02-01 14:00:01 [INFO] Email queue started successfully. Email sending is enabled. 
2026-02-01 14:00:01 [INFO] Server is running at port 4545 
2026-02-01 14:01:33 [INFO] Incoming request: GET /api/v1/companies/list?search= 
2026-02-01 14:07:57 [INFO] Incoming request: GET /api/v1/companies/list?search= 
2026-02-01 14:08:09 [INFO] Incoming request: GET /api/v1/companies/list?search= 
2026-02-01 14:08:21 [INFO] Incoming request: GET /api/v1/companies/list?search= 
2026-02-01 14:08:35 [INFO] Incoming request: GET /api/v1/companies/list?search= 
2026-02-01 14:11:25 [INFO] Incoming request: GET /api/v1/categories/list?pageNumber=1&pageSize=100&parent=null 
2026-02-01 14:11:25 [INFO] Incoming request: GET /api/v1/categories/list?pageNumber=1&pageSize=10&search=&parent=null 
2026-02-01 14:11:27 [INFO] Incoming request: GET /api/v1/categories/list?pageNumber=1&pageSize=100&parent=697e04a83294b96424de65df 
2026-02-01 14:11:51 [INFO] Incoming request: POST /api/v1/categories/create 
2026-02-01 14:11:51 [INFO] Incoming request: GET /api/v1/categories/list?pageNumber=1&pageSize=10&search=&parent=null 
2026-02-01 14:11:51 [INFO] Incoming request: GET /api/v1/categories/list?pageNumber=1&pageSize=100&parent=null 
2026-02-01 14:12:04 [INFO] Incoming request: POST /api/v1/categories/create 
2026-02-01 14:12:04 [ERROR] 
[ERROR]
Method: POST
URL: /api/v1/categories/create
Params: {}
Body: {"name":"Alok Chaturvedi","description":"sdfas","parent":"697f11cfa17de6084c0cdfc2","status":"active","sortOrder":0}
Headers: {"host":"localhost:4545","connection":"keep-alive","content-length":"116","sec-ch-ua-platform":"\"Windows\"","authorization":"Bearer eyJhbGciOiJIUzI1NiIsInR5cCI6IkpXVCJ9.eyJpZCI6IjY5NzRhYjNiZTRjMGJlNjg3ODU5NjRhYiIsImVtYWlsIjoiYWRtaW5AZ21haWwuY29tIiwicm9sZSI6InN1cGVyYWRtaW4iLCJ0eXBlIjoiYWNjZXNzIiwiaWF0IjoxNzY5MzM2NDExLCJleHAiOjE3Njk0MjI4MTEsImF1ZCI6ImdjYS1mcm9udGVuZCIsImlzcyI6ImdjYS1iYWNrZW5kIn0.dBUsd4fFZ-p6Hkc4Ve8oAUZjanuz_9cMZzbCmt2dtcU","user-agent":"Mozilla/5.0 (Windows NT 10.0; Win64; x64) AppleWebKit/537.36 (KHTML, like Gecko) Chrome/144.0.0.0 Safari/537.36","accept":"application/json, text/plain, */*","sec-ch-ua":"\"Not(A:Brand\";v=\"8\", \"Chromium\";v=\"144\", \"Google Chrome\";v=\"144\"","content-type":"application/json","sec-ch-ua-mobile":"?0","origin":"http://localhost:3000","sec-fetch-site":"same-site","sec-fetch-mode":"cors","sec-fetch-dest":"empty","referer":"http://localhost:3000/","accept-encoding":"gzip, deflate, br, zstd","accept-language":"en-US,en;q=0.9"}
Error Message: E11000 duplicate key error collection: crm_db.categories index: code_1 dup key: { code: null }
Stack: MongoServerError: E11000 duplicate key error collection: crm_db.categories index: code_1 dup key: { code: null }
    at InsertOneOperation.handleOk (C:\Alok\projects\migti-crm_backend\node_modules\mongoose\node_modules\mongodb\lib\operations\insert.js:51:19)
    at tryOperation (C:\Alok\projects\migti-crm_backend\node_modules\mongoose\node_modules\mongodb\lib\operations\execute_operation.js:214:34)
    at process.processTicksAndRejections (node:internal/process/task_queues:103:5)
    at async executeOperation (C:\Alok\projects\migti-crm_backend\node_modules\mongoose\node_modules\mongodb\lib\operations\execute_operation.js:78:16)
    at async Collection.insertOne (C:\Alok\projects\migti-crm_backend\node_modules\mongoose\node_modules\mongodb\lib\collection.js:154:16)
   
2026-02-01 14:12:18 [INFO] Incoming request: GET /api/v1/categories/list?pageNumber=1&pageSize=100&parent=697f11cfa17de6084c0cdfc2 
2026-02-01 14:12:29 [INFO] Incoming request: POST /api/v1/categories/create 
2026-02-01 14:12:29 [ERROR] 
[ERROR]
Method: POST
URL: /api/v1/categories/create
Params: {}
Body: {"name":"adsfadsf","description":"asdfasd","parent":"697f11cfa17de6084c0cdfc2","status":"active","sortOrder":0}
Headers: {"host":"localhost:4545","connection":"keep-alive","content-length":"111","sec-ch-ua-platform":"\"Windows\"","authorization":"Bearer eyJhbGciOiJIUzI1NiIsInR5cCI6IkpXVCJ9.eyJpZCI6IjY5NzRhYjNiZTRjMGJlNjg3ODU5NjRhYiIsImVtYWlsIjoiYWRtaW5AZ21haWwuY29tIiwicm9sZSI6InN1cGVyYWRtaW4iLCJ0eXBlIjoiYWNjZXNzIiwiaWF0IjoxNzY5MzM2NDExLCJleHAiOjE3Njk0MjI4MTEsImF1ZCI6ImdjYS1mcm9udGVuZCIsImlzcyI6ImdjYS1iYWNrZW5kIn0.dBUsd4fFZ-p6Hkc4Ve8oAUZjanuz_9cMZzbCmt2dtcU","user-agent":"Mozilla/5.0 (Windows NT 10.0; Win64; x64) AppleWebKit/537.36 (KHTML, like Gecko) Chrome/144.0.0.0 Safari/537.36","accept":"application/json, text/plain, */*","sec-ch-ua":"\"Not(A:Brand\";v=\"8\", \"Chromium\";v=\"144\", \"Google Chrome\";v=\"144\"","content-type":"application/json","sec-ch-ua-mobile":"?0","origin":"http://localhost:3000","sec-fetch-site":"same-site","sec-fetch-mode":"cors","sec-fetch-dest":"empty","referer":"http://localhost:3000/","accept-encoding":"gzip, deflate, br, zstd","accept-language":"en-US,en;q=0.9"}
Error Message: E11000 duplicate key error collection: crm_db.categories index: code_1 dup key: { code: null }
Stack: MongoServerError: E11000 duplicate key error collection: crm_db.categories index: code_1 dup key: { code: null }
    at InsertOneOperation.handleOk (C:\Alok\projects\migti-crm_backend\node_modules\mongoose\node_modules\mongodb\lib\operations\insert.js:51:19)
    at tryOperation (C:\Alok\projects\migti-crm_backend\node_modules\mongoose\node_modules\mongodb\lib\operations\execute_operation.js:214:34)
    at process.processTicksAndRejections (node:internal/process/task_queues:103:5)
    at async executeOperation (C:\Alok\projects\migti-crm_backend\node_modules\mongoose\node_modules\mongodb\lib\operations\execute_operation.js:78:16)
    at async Collection.insertOne (C:\Alok\projects\migti-crm_backend\node_modules\mongoose\node_modules\mongodb\lib\collection.js:154:16)
   
2026-02-01 14:13:23 [INFO] Incoming request: POST /api/v1/categories/create 
2026-02-01 14:13:23 [ERROR] 
[ERROR]
Method: POST
URL: /api/v1/categories/create
Params: {}
Body: {"name":"asd","description":"adsfadf","parent":"697f11cfa17de6084c0cdfc2","status":"inactive","sortOrder":0}
Headers: {"host":"localhost:4545","connection":"keep-alive","content-length":"108","sec-ch-ua-platform":"\"Windows\"","authorization":"Bearer eyJhbGciOiJIUzI1NiIsInR5cCI6IkpXVCJ9.eyJpZCI6IjY5NzRhYjNiZTRjMGJlNjg3ODU5NjRhYiIsImVtYWlsIjoiYWRtaW5AZ21haWwuY29tIiwicm9sZSI6InN1cGVyYWRtaW4iLCJ0eXBlIjoiYWNjZXNzIiwiaWF0IjoxNzY5MzM2NDExLCJleHAiOjE3Njk0MjI4MTEsImF1ZCI6ImdjYS1mcm9udGVuZCIsImlzcyI6ImdjYS1iYWNrZW5kIn0.dBUsd4fFZ-p6Hkc4Ve8oAUZjanuz_9cMZzbCmt2dtcU","user-agent":"Mozilla/5.0 (Windows NT 10.0; Win64; x64) AppleWebKit/537.36 (KHTML, like Gecko) Chrome/144.0.0.0 Safari/537.36","accept":"application/json, text/plain, */*","sec-ch-ua":"\"Not(A:Brand\";v=\"8\", \"Chromium\";v=\"144\", \"Google Chrome\";v=\"144\"","content-type":"application/json","sec-ch-ua-mobile":"?0","origin":"http://localhost:3000","sec-fetch-site":"same-site","sec-fetch-mode":"cors","sec-fetch-dest":"empty","referer":"http://localhost:3000/","accept-encoding":"gzip, deflate, br, zstd","accept-language":"en-US,en;q=0.9"}
Error Message: E11000 duplicate key error collection: crm_db.categories index: code_1 dup key: { code: null }
Stack: MongoServerError: E11000 duplicate key error collection: crm_db.categories index: code_1 dup key: { code: null }
    at InsertOneOperation.handleOk (C:\Alok\projects\migti-crm_backend\node_modules\mongoose\node_modules\mongodb\lib\operations\insert.js:51:19)
    at tryOperation (C:\Alok\projects\migti-crm_backend\node_modules\mongoose\node_modules\mongodb\lib\operations\execute_operation.js:214:34)
    at process.processTicksAndRejections (node:internal/process/task_queues:103:5)
    at async executeOperation (C:\Alok\projects\migti-crm_backend\node_modules\mongoose\node_modules\mongodb\lib\operations\execute_operation.js:78:16)
    at async Collection.insertOne (C:\Alok\projects\migti-crm_backend\node_modules\mongoose\node_modules\mongodb\lib\collection.js:154:16)
   
2026-02-01 14:13:24 [INFO] Incoming request: POST /api/v1/categories/create 
2026-02-01 14:13:24 [ERROR] 
[ERROR]
Method: POST
URL: /api/v1/categories/create
Params: {}
Body: {"name":"asd","description":"adsfadf","parent":"697f11cfa17de6084c0cdfc2","status":"inactive","sortOrder":0}
Headers: {"host":"localhost:4545","connection":"keep-alive","content-length":"108","sec-ch-ua-platform":"\"Windows\"","authorization":"Bearer eyJhbGciOiJIUzI1NiIsInR5cCI6IkpXVCJ9.eyJpZCI6IjY5NzRhYjNiZTRjMGJlNjg3ODU5NjRhYiIsImVtYWlsIjoiYWRtaW5AZ21haWwuY29tIiwicm9sZSI6InN1cGVyYWRtaW4iLCJ0eXBlIjoiYWNjZXNzIiwiaWF0IjoxNzY5MzM2NDExLCJleHAiOjE3Njk0MjI4MTEsImF1ZCI6ImdjYS1mcm9udGVuZCIsImlzcyI6ImdjYS1iYWNrZW5kIn0.dBUsd4fFZ-p6Hkc4Ve8oAUZjanuz_9cMZzbCmt2dtcU","user-agent":"Mozilla/5.0 (Windows NT 10.0; Win64; x64) AppleWebKit/537.36 (KHTML, like Gecko) Chrome/144.0.0.0 Safari/537.36","accept":"application/json, text/plain, */*","sec-ch-ua":"\"Not(A:Brand\";v=\"8\", \"Chromium\";v=\"144\", \"Google Chrome\";v=\"144\"","content-type":"application/json","sec-ch-ua-mobile":"?0","origin":"http://localhost:3000","sec-fetch-site":"same-site","sec-fetch-mode":"cors","sec-fetch-dest":"empty","referer":"http://localhost:3000/","accept-encoding":"gzip, deflate, br, zstd","accept-language":"en-US,en;q=0.9"}
Error Message: E11000 duplicate key error collection: crm_db.categories index: code_1 dup key: { code: null }
Stack: MongoServerError: E11000 duplicate key error collection: crm_db.categories index: code_1 dup key: { code: null }
    at InsertOneOperation.handleOk (C:\Alok\projects\migti-crm_backend\node_modules\mongoose\node_modules\mongodb\lib\operations\insert.js:51:19)
    at tryOperation (C:\Alok\projects\migti-crm_backend\node_modules\mongoose\node_modules\mongodb\lib\operations\execute_operation.js:214:34)
    at process.processTicksAndRejections (node:internal/process/task_queues:103:5)
    at async executeOperation (C:\Alok\projects\migti-crm_backend\node_modules\mongoose\node_modules\mongodb\lib\operations\execute_operation.js:78:16)
    at async Collection.insertOne (C:\Alok\projects\migti-crm_backend\node_modules\mongoose\node_modules\mongodb\lib\collection.js:154:16)
   
2026-02-01 14:13:24 [INFO] Incoming request: POST /api/v1/categories/create 
2026-02-01 14:13:24 [ERROR] 
[ERROR]
Method: POST
URL: /api/v1/categories/create
Params: {}
Body: {"name":"asd","description":"adsfadf","parent":"697f11cfa17de6084c0cdfc2","status":"inactive","sortOrder":0}
Headers: {"host":"localhost:4545","connection":"keep-alive","content-length":"108","sec-ch-ua-platform":"\"Windows\"","authorization":"Bearer eyJhbGciOiJIUzI1NiIsInR5cCI6IkpXVCJ9.eyJpZCI6IjY5NzRhYjNiZTRjMGJlNjg3ODU5NjRhYiIsImVtYWlsIjoiYWRtaW5AZ21haWwuY29tIiwicm9sZSI6InN1cGVyYWRtaW4iLCJ0eXBlIjoiYWNjZXNzIiwiaWF0IjoxNzY5MzM2NDExLCJleHAiOjE3Njk0MjI4MTEsImF1ZCI6ImdjYS1mcm9udGVuZCIsImlzcyI6ImdjYS1iYWNrZW5kIn0.dBUsd4fFZ-p6Hkc4Ve8oAUZjanuz_9cMZzbCmt2dtcU","user-agent":"Mozilla/5.0 (Windows NT 10.0; Win64; x64) AppleWebKit/537.36 (KHTML, like Gecko) Chrome/144.0.0.0 Safari/537.36","accept":"application/json, text/plain, */*","sec-ch-ua":"\"Not(A:Brand\";v=\"8\", \"Chromium\";v=\"144\", \"Google Chrome\";v=\"144\"","content-type":"application/json","sec-ch-ua-mobile":"?0","origin":"http://localhost:3000","sec-fetch-site":"same-site","sec-fetch-mode":"cors","sec-fetch-dest":"empty","referer":"http://localhost:3000/","accept-encoding":"gzip, deflate, br, zstd","accept-language":"en-US,en;q=0.9"}
Error Message: E11000 duplicate key error collection: crm_db.categories index: code_1 dup key: { code: null }
Stack: MongoServerError: E11000 duplicate key error collection: crm_db.categories index: code_1 dup key: { code: null }
    at InsertOneOperation.handleOk (C:\Alok\projects\migti-crm_backend\node_modules\mongoose\node_modules\mongodb\lib\operations\insert.js:51:19)
    at tryOperation (C:\Alok\projects\migti-crm_backend\node_modules\mongoose\node_modules\mongodb\lib\operations\execute_operation.js:214:34)
    at process.processTicksAndRejections (node:internal/process/task_queues:103:5)
    at async executeOperation (C:\Alok\projects\migti-crm_backend\node_modules\mongoose\node_modules\mongodb\lib\operations\execute_operation.js:78:16)
    at async Collection.insertOne (C:\Alok\projects\migti-crm_backend\node_modules\mongoose\node_modules\mongodb\lib\collection.js:154:16)
   
2026-02-01 14:13:24 [INFO] Incoming request: POST /api/v1/categories/create 
2026-02-01 14:13:24 [ERROR] 
[ERROR]
Method: POST
URL: /api/v1/categories/create
Params: {}
Body: {"name":"asd","description":"adsfadf","parent":"697f11cfa17de6084c0cdfc2","status":"inactive","sortOrder":0}
Headers: {"host":"localhost:4545","connection":"keep-alive","content-length":"108","sec-ch-ua-platform":"\"Windows\"","authorization":"Bearer eyJhbGciOiJIUzI1NiIsInR5cCI6IkpXVCJ9.eyJpZCI6IjY5NzRhYjNiZTRjMGJlNjg3ODU5NjRhYiIsImVtYWlsIjoiYWRtaW5AZ21haWwuY29tIiwicm9sZSI6InN1cGVyYWRtaW4iLCJ0eXBlIjoiYWNjZXNzIiwiaWF0IjoxNzY5MzM2NDExLCJleHAiOjE3Njk0MjI4MTEsImF1ZCI6ImdjYS1mcm9udGVuZCIsImlzcyI6ImdjYS1iYWNrZW5kIn0.dBUsd4fFZ-p6Hkc4Ve8oAUZjanuz_9cMZzbCmt2dtcU","user-agent":"Mozilla/5.0 (Windows NT 10.0; Win64; x64) AppleWebKit/537.36 (KHTML, like Gecko) Chrome/144.0.0.0 Safari/537.36","accept":"application/json, text/plain, */*","sec-ch-ua":"\"Not(A:Brand\";v=\"8\", \"Chromium\";v=\"144\", \"Google Chrome\";v=\"144\"","content-type":"application/json","sec-ch-ua-mobile":"?0","origin":"http://localhost:3000","sec-fetch-site":"same-site","sec-fetch-mode":"cors","sec-fetch-dest":"empty","referer":"http://localhost:3000/","accept-encoding":"gzip, deflate, br, zstd","accept-language":"en-US,en;q=0.9"}
Error Message: E11000 duplicate key error collection: crm_db.categories index: code_1 dup key: { code: null }
Stack: MongoServerError: E11000 duplicate key error collection: crm_db.categories index: code_1 dup key: { code: null }
    at InsertOneOperation.handleOk (C:\Alok\projects\migti-crm_backend\node_modules\mongoose\node_modules\mongodb\lib\operations\insert.js:51:19)
    at tryOperation (C:\Alok\projects\migti-crm_backend\node_modules\mongoose\node_modules\mongodb\lib\operations\execute_operation.js:214:34)
    at process.processTicksAndRejections (node:internal/process/task_queues:103:5)
    at async executeOperation (C:\Alok\projects\migti-crm_backend\node_modules\mongoose\node_modules\mongodb\lib\operations\execute_operation.js:78:16)
    at async Collection.insertOne (C:\Alok\projects\migti-crm_backend\node_modules\mongoose\node_modules\mongodb\lib\collection.js:154:16)
   
2026-02-01 14:14:18 [INFO] Incoming request: POST /api/v1/categories/create 
2026-02-01 14:14:18 [ERROR] 
[ERROR]
Method: POST
URL: /api/v1/categories/create
Params: {}
Body: {"name":"asd","description":"adsfadf","parent":"697e04a83294b96424de65df","status":"inactive","sortOrder":0}
Headers: {"host":"localhost:4545","connection":"keep-alive","content-length":"108","sec-ch-ua-platform":"\"Windows\"","authorization":"Bearer eyJhbGciOiJIUzI1NiIsInR5cCI6IkpXVCJ9.eyJpZCI6IjY5NzRhYjNiZTRjMGJlNjg3ODU5NjRhYiIsImVtYWlsIjoiYWRtaW5AZ21haWwuY29tIiwicm9sZSI6InN1cGVyYWRtaW4iLCJ0eXBlIjoiYWNjZXNzIiwiaWF0IjoxNzY5MzM2NDExLCJleHAiOjE3Njk0MjI4MTEsImF1ZCI6ImdjYS1mcm9udGVuZCIsImlzcyI6ImdjYS1iYWNrZW5kIn0.dBUsd4fFZ-p6Hkc4Ve8oAUZjanuz_9cMZzbCmt2dtcU","user-agent":"Mozilla/5.0 (Windows NT 10.0; Win64; x64) AppleWebKit/537.36 (KHTML, like Gecko) Chrome/144.0.0.0 Safari/537.36","accept":"application/json, text/plain, */*","sec-ch-ua":"\"Not(A:Brand\";v=\"8\", \"Chromium\";v=\"144\", \"Google Chrome\";v=\"144\"","content-type":"application/json","sec-ch-ua-mobile":"?0","origin":"http://localhost:3000","sec-fetch-site":"same-site","sec-fetch-mode":"cors","sec-fetch-dest":"empty","referer":"http://localhost:3000/","accept-encoding":"gzip, deflate, br, zstd","accept-language":"en-US,en;q=0.9"}
Error Message: E11000 duplicate key error collection: crm_db.categories index: code_1 dup key: { code: null }
Stack: MongoServerError: E11000 duplicate key error collection: crm_db.categories index: code_1 dup key: { code: null }
    at InsertOneOperation.handleOk (C:\Alok\projects\migti-crm_backend\node_modules\mongoose\node_modules\mongodb\lib\operations\insert.js:51:19)
    at tryOperation (C:\Alok\projects\migti-crm_backend\node_modules\mongoose\node_modules\mongodb\lib\operations\execute_operation.js:214:34)
    at process.processTicksAndRejections (node:internal/process/task_queues:103:5)
    at async executeOperation (C:\Alok\projects\migti-crm_backend\node_modules\mongoose\node_modules\mongodb\lib\operations\execute_operation.js:78:16)
    at async Collection.insertOne (C:\Alok\projects\migti-crm_backend\node_modules\mongoose\node_modules\mongodb\lib\collection.js:154:16)
   
2026-02-01 14:14:21 [INFO] Incoming request: POST /api/v1/categories/create 
2026-02-01 14:14:21 [ERROR] 
[ERROR]
Method: POST
URL: /api/v1/categories/create
Params: {}
Body: {"name":"asd","description":"adsfadf","parent":null,"status":"inactive","sortOrder":0}
Headers: {"host":"localhost:4545","connection":"keep-alive","content-length":"86","sec-ch-ua-platform":"\"Windows\"","authorization":"Bearer eyJhbGciOiJIUzI1NiIsInR5cCI6IkpXVCJ9.eyJpZCI6IjY5NzRhYjNiZTRjMGJlNjg3ODU5NjRhYiIsImVtYWlsIjoiYWRtaW5AZ21haWwuY29tIiwicm9sZSI6InN1cGVyYWRtaW4iLCJ0eXBlIjoiYWNjZXNzIiwiaWF0IjoxNzY5MzM2NDExLCJleHAiOjE3Njk0MjI4MTEsImF1ZCI6ImdjYS1mcm9udGVuZCIsImlzcyI6ImdjYS1iYWNrZW5kIn0.dBUsd4fFZ-p6Hkc4Ve8oAUZjanuz_9cMZzbCmt2dtcU","user-agent":"Mozilla/5.0 (Windows NT 10.0; Win64; x64) AppleWebKit/537.36 (KHTML, like Gecko) Chrome/144.0.0.0 Safari/537.36","accept":"application/json, text/plain, */*","sec-ch-ua":"\"Not(A:Brand\";v=\"8\", \"Chromium\";v=\"144\", \"Google Chrome\";v=\"144\"","content-type":"application/json","sec-ch-ua-mobile":"?0","origin":"http://localhost:3000","sec-fetch-site":"same-site","sec-fetch-mode":"cors","sec-fetch-dest":"empty","referer":"http://localhost:3000/","accept-encoding":"gzip, deflate, br, zstd","accept-language":"en-US,en;q=0.9"}
Error Message: E11000 duplicate key error collection: crm_db.categories index: code_1 dup key: { code: null }
Stack: MongoServerError: E11000 duplicate key error collection: crm_db.categories index: code_1 dup key: { code: null }
    at InsertOneOperation.handleOk (C:\Alok\projects\migti-crm_backend\node_modules\mongoose\node_modules\mongodb\lib\operations\insert.js:51:19)
    at tryOperation (C:\Alok\projects\migti-crm_backend\node_modules\mongoose\node_modules\mongodb\lib\operations\execute_operation.js:214:34)
    at process.processTicksAndRejections (node:internal/process/task_queues:103:5)
    at async executeOperation (C:\Alok\projects\migti-crm_backend\node_modules\mongoose\node_modules\mongodb\lib\operations\execute_operation.js:78:16)
    at async Collection.insertOne (C:\Alok\projects\migti-crm_backend\node_modules\mongoose\node_modules\mongodb\lib\collection.js:154:16)
   
2026-02-01 14:14:22 [INFO] Incoming request: POST /api/v1/categories/create 
2026-02-01 14:14:22 [ERROR] 
[ERROR]
Method: POST
URL: /api/v1/categories/create
Params: {}
Body: {"name":"asd","description":"adsfadf","parent":null,"status":"inactive","sortOrder":0}
Headers: {"host":"localhost:4545","connection":"keep-alive","content-length":"86","sec-ch-ua-platform":"\"Windows\"","authorization":"Bearer eyJhbGciOiJIUzI1NiIsInR5cCI6IkpXVCJ9.eyJpZCI6IjY5NzRhYjNiZTRjMGJlNjg3ODU5NjRhYiIsImVtYWlsIjoiYWRtaW5AZ21haWwuY29tIiwicm9sZSI6InN1cGVyYWRtaW4iLCJ0eXBlIjoiYWNjZXNzIiwiaWF0IjoxNzY5MzM2NDExLCJleHAiOjE3Njk0MjI4MTEsImF1ZCI6ImdjYS1mcm9udGVuZCIsImlzcyI6ImdjYS1iYWNrZW5kIn0.dBUsd4fFZ-p6Hkc4Ve8oAUZjanuz_9cMZzbCmt2dtcU","user-agent":"Mozilla/5.0 (Windows NT 10.0; Win64; x64) AppleWebKit/537.36 (KHTML, like Gecko) Chrome/144.0.0.0 Safari/537.36","accept":"application/json, text/plain, */*","sec-ch-ua":"\"Not(A:Brand\";v=\"8\", \"Chromium\";v=\"144\", \"Google Chrome\";v=\"144\"","content-type":"application/json","sec-ch-ua-mobile":"?0","origin":"http://localhost:3000","sec-fetch-site":"same-site","sec-fetch-mode":"cors","sec-fetch-dest":"empty","referer":"http://localhost:3000/","accept-encoding":"gzip, deflate, br, zstd","accept-language":"en-US,en;q=0.9"}
Error Message: E11000 duplicate key error collection: crm_db.categories index: code_1 dup key: { code: null }
Stack: MongoServerError: E11000 duplicate key error collection: crm_db.categories index: code_1 dup key: { code: null }
    at InsertOneOperation.handleOk (C:\Alok\projects\migti-crm_backend\node_modules\mongoose\node_modules\mongodb\lib\operations\insert.js:51:19)
    at tryOperation (C:\Alok\projects\migti-crm_backend\node_modules\mongoose\node_modules\mongodb\lib\operations\execute_operation.js:214:34)
    at process.processTicksAndRejections (node:internal/process/task_queues:103:5)
    at async executeOperation (C:\Alok\projects\migti-crm_backend\node_modules\mongoose\node_modules\mongodb\lib\operations\execute_operation.js:78:16)
    at async Collection.insertOne (C:\Alok\projects\migti-crm_backend\node_modules\mongoose\node_modules\mongodb\lib\collection.js:154:16)
   
2026-02-01 14:14:22 [INFO] Incoming request: POST /api/v1/categories/create 
2026-02-01 14:14:22 [ERROR] 
[ERROR]
Method: POST
URL: /api/v1/categories/create
Params: {}
Body: {"name":"asd","description":"adsfadf","parent":null,"status":"inactive","sortOrder":0}
Headers: {"host":"localhost:4545","connection":"keep-alive","content-length":"86","sec-ch-ua-platform":"\"Windows\"","authorization":"Bearer eyJhbGciOiJIUzI1NiIsInR5cCI6IkpXVCJ9.eyJpZCI6IjY5NzRhYjNiZTRjMGJlNjg3ODU5NjRhYiIsImVtYWlsIjoiYWRtaW5AZ21haWwuY29tIiwicm9sZSI6InN1cGVyYWRtaW4iLCJ0eXBlIjoiYWNjZXNzIiwiaWF0IjoxNzY5MzM2NDExLCJleHAiOjE3Njk0MjI4MTEsImF1ZCI6ImdjYS1mcm9udGVuZCIsImlzcyI6ImdjYS1iYWNrZW5kIn0.dBUsd4fFZ-p6Hkc4Ve8oAUZjanuz_9cMZzbCmt2dtcU","user-agent":"Mozilla/5.0 (Windows NT 10.0; Win64; x64) AppleWebKit/537.36 (KHTML, like Gecko) Chrome/144.0.0.0 Safari/537.36","accept":"application/json, text/plain, */*","sec-ch-ua":"\"Not(A:Brand\";v=\"8\", \"Chromium\";v=\"144\", \"Google Chrome\";v=\"144\"","content-type":"application/json","sec-ch-ua-mobile":"?0","origin":"http://localhost:3000","sec-fetch-site":"same-site","sec-fetch-mode":"cors","sec-fetch-dest":"empty","referer":"http://localhost:3000/","accept-encoding":"gzip, deflate, br, zstd","accept-language":"en-US,en;q=0.9"}
Error Message: E11000 duplicate key error collection: crm_db.categories index: code_1 dup key: { code: null }
Stack: MongoServerError: E11000 duplicate key error collection: crm_db.categories index: code_1 dup key: { code: null }
    at InsertOneOperation.handleOk (C:\Alok\projects\migti-crm_backend\node_modules\mongoose\node_modules\mongodb\lib\operations\insert.js:51:19)
    at tryOperation (C:\Alok\projects\migti-crm_backend\node_modules\mongoose\node_modules\mongodb\lib\operations\execute_operation.js:214:34)
    at process.processTicksAndRejections (node:internal/process/task_queues:103:5)
    at async executeOperation (C:\Alok\projects\migti-crm_backend\node_modules\mongoose\node_modules\mongodb\lib\operations\execute_operation.js:78:16)
    at async Collection.insertOne (C:\Alok\projects\migti-crm_backend\node_modules\mongoose\node_modules\mongodb\lib\collection.js:154:16)
   
2026-02-01 14:14:22 [INFO] Incoming request: POST /api/v1/categories/create 
2026-02-01 14:14:22 [ERROR] 
[ERROR]
Method: POST
URL: /api/v1/categories/create
Params: {}
Body: {"name":"asd","description":"adsfadf","parent":null,"status":"inactive","sortOrder":0}
Headers: {"host":"localhost:4545","connection":"keep-alive","content-length":"86","sec-ch-ua-platform":"\"Windows\"","authorization":"Bearer eyJhbGciOiJIUzI1NiIsInR5cCI6IkpXVCJ9.eyJpZCI6IjY5NzRhYjNiZTRjMGJlNjg3ODU5NjRhYiIsImVtYWlsIjoiYWRtaW5AZ21haWwuY29tIiwicm9sZSI6InN1cGVyYWRtaW4iLCJ0eXBlIjoiYWNjZXNzIiwiaWF0IjoxNzY5MzM2NDExLCJleHAiOjE3Njk0MjI4MTEsImF1ZCI6ImdjYS1mcm9udGVuZCIsImlzcyI6ImdjYS1iYWNrZW5kIn0.dBUsd4fFZ-p6Hkc4Ve8oAUZjanuz_9cMZzbCmt2dtcU","user-agent":"Mozilla/5.0 (Windows NT 10.0; Win64; x64) AppleWebKit/537.36 (KHTML, like Gecko) Chrome/144.0.0.0 Safari/537.36","accept":"application/json, text/plain, */*","sec-ch-ua":"\"Not(A:Brand\";v=\"8\", \"Chromium\";v=\"144\", \"Google Chrome\";v=\"144\"","content-type":"application/json","sec-ch-ua-mobile":"?0","origin":"http://localhost:3000","sec-fetch-site":"same-site","sec-fetch-mode":"cors","sec-fetch-dest":"empty","referer":"http://localhost:3000/","accept-encoding":"gzip, deflate, br, zstd","accept-language":"en-US,en;q=0.9"}
Error Message: E11000 duplicate key error collection: crm_db.categories index: code_1 dup key: { code: null }
Stack: MongoServerError: E11000 duplicate key error collection: crm_db.categories index: code_1 dup key: { code: null }
    at InsertOneOperation.handleOk (C:\Alok\projects\migti-crm_backend\node_modules\mongoose\node_modules\mongodb\lib\operations\insert.js:51:19)
    at tryOperation (C:\Alok\projects\migti-crm_backend\node_modules\mongoose\node_modules\mongodb\lib\operations\execute_operation.js:214:34)
    at process.processTicksAndRejections (node:internal/process/task_queues:103:5)
    at async executeOperation (C:\Alok\projects\migti-crm_backend\node_modules\mongoose\node_modules\mongodb\lib\operations\execute_operation.js:78:16)
    at async Collection.insertOne (C:\Alok\projects\migti-crm_backend\node_modules\mongoose\node_modules\mongodb\lib\collection.js:154:16)
   
2026-02-01 14:14:26 [INFO] Incoming request: POST /api/v1/categories/create 
2026-02-01 14:14:26 [ERROR] 
[ERROR]
Method: POST
URL: /api/v1/categories/create
Params: {}
Body: {"name":"asdasxasddf","description":"adsfadf","parent":null,"status":"inactive","sortOrder":0}
Headers: {"host":"localhost:4545","connection":"keep-alive","content-length":"94","sec-ch-ua-platform":"\"Windows\"","authorization":"Bearer eyJhbGciOiJIUzI1NiIsInR5cCI6IkpXVCJ9.eyJpZCI6IjY5NzRhYjNiZTRjMGJlNjg3ODU5NjRhYiIsImVtYWlsIjoiYWRtaW5AZ21haWwuY29tIiwicm9sZSI6InN1cGVyYWRtaW4iLCJ0eXBlIjoiYWNjZXNzIiwiaWF0IjoxNzY5MzM2NDExLCJleHAiOjE3Njk0MjI4MTEsImF1ZCI6ImdjYS1mcm9udGVuZCIsImlzcyI6ImdjYS1iYWNrZW5kIn0.dBUsd4fFZ-p6Hkc4Ve8oAUZjanuz_9cMZzbCmt2dtcU","user-agent":"Mozilla/5.0 (Windows NT 10.0; Win64; x64) AppleWebKit/537.36 (KHTML, like Gecko) Chrome/144.0.0.0 Safari/537.36","accept":"application/json, text/plain, */*","sec-ch-ua":"\"Not(A:Brand\";v=\"8\", \"Chromium\";v=\"144\", \"Google Chrome\";v=\"144\"","content-type":"application/json","sec-ch-ua-mobile":"?0","origin":"http://localhost:3000","sec-fetch-site":"same-site","sec-fetch-mode":"cors","sec-fetch-dest":"empty","referer":"http://localhost:3000/","accept-encoding":"gzip, deflate, br, zstd","accept-language":"en-US,en;q=0.9"}
Error Message: E11000 duplicate key error collection: crm_db.categories index: code_1 dup key: { code: null }
Stack: MongoServerError: E11000 duplicate key error collection: crm_db.categories index: code_1 dup key: { code: null }
    at InsertOneOperation.handleOk (C:\Alok\projects\migti-crm_backend\node_modules\mongoose\node_modules\mongodb\lib\operations\insert.js:51:19)
    at tryOperation (C:\Alok\projects\migti-crm_backend\node_modules\mongoose\node_modules\mongodb\lib\operations\execute_operation.js:214:34)
    at process.processTicksAndRejections (node:internal/process/task_queues:103:5)
    at async executeOperation (C:\Alok\projects\migti-crm_backend\node_modules\mongoose\node_modules\mongodb\lib\operations\execute_operation.js:78:16)
    at async Collection.insertOne (C:\Alok\projects\migti-crm_backend\node_modules\mongoose\node_modules\mongodb\lib\collection.js:154:16)
   
2026-02-01 14:15:57 [INFO] Incoming request: POST /api/v1/categories/create 
2026-02-01 14:15:57 [INFO] Incoming request: GET /api/v1/categories/list?pageNumber=1&pageSize=10&search=&parent=null 
2026-02-01 14:15:57 [INFO] Incoming request: GET /api/v1/categories/list?pageNumber=1&pageSize=100&parent=null 
2026-02-01 14:15:57 [INFO] Incoming request: GET /api/v1/categories/list?pageNumber=1&pageSize=100&parent=697f11cfa17de6084c0cdfc2 
2026-02-01 14:16:00 [INFO] Incoming request: GET /api/v1/categories/list?pageNumber=1&pageSize=100&parent=697f11cfa17de6084c0cdfc2 
2026-02-01 14:16:41 [INFO] Incoming request: GET /api/v1/brands/list?pageNumber=1&pageSize=10&search= 
2026-02-01 14:16:57 [INFO] Incoming request: POST /api/v1/brands/create 
2026-02-01 14:16:57 [INFO] Incoming request: GET /api/v1/brands/list?pageNumber=1&pageSize=10&search= 
2026-02-01 14:17:02 [INFO] Incoming request: GET /api/v1/categories/list?pageNumber=1&pageSize=100&parent=null 
2026-02-01 14:17:02 [INFO] Incoming request: GET /api/v1/brands/list?pageNumber=1&pageSize=100 
2026-02-01 14:17:03 [INFO] Incoming request: GET /api/v1/products/list?pageNumber=1&pageSize=10&search= 
2026-02-01 14:17:13 [INFO] Incoming request: GET /api/v1/categories/list?pageNumber=1&pageSize=100&parent=null 
2026-02-01 14:17:13 [INFO] Incoming request: GET /api/v1/brands/list?pageNumber=1&pageSize=100 
2026-02-01 14:20:09 [INFO] Incoming request: GET /api/v1/categories/list?pageNumber=1&pageSize=100&parent=697e04a83294b96424de65df 
2026-02-01 14:20:11 [INFO] Incoming request: GET /api/v1/categories/list?pageNumber=1&pageSize=100&parent=697f11cfa17de6084c0cdfc2 
2026-02-01 14:20:17 [INFO] Incoming request: POST /api/v1/products/upload-images 
2026-02-01 14:20:17 [INFO] Incoming request: POST /api/v1/products/create 
2026-02-01 14:20:55 [INFO] Incoming request: POST /api/v1/products/upload-images 
2026-02-01 14:20:55 [INFO] Incoming request: POST /api/v1/products/create 
2026-02-01 15:19:14 [INFO] Incoming request: GET /api/v1/categories/list?pageNumber=1&pageSize=100&parent=null 
2026-02-01 15:19:14 [INFO] Incoming request: GET /api/v1/brands/list?pageNumber=1&pageSize=100 
2026-02-01 15:24:43 [INFO] Incoming request: GET /api/v1/categories/list?pageNumber=1&pageSize=100&parent=null 
2026-02-01 15:24:44 [INFO] Incoming request: GET /api/v1/brands/list?pageNumber=1&pageSize=100 
2026-02-01 15:49:04 [INFO] Email queue started successfully. Email sending is enabled. 
2026-02-01 15:49:04 [INFO] Server is running at port 4545 
2026-02-01 15:50:22 [INFO] Incoming request: GET /api/v1/categories/list?pageNumber=1&pageSize=100&parent=null 
2026-02-01 15:50:23 [INFO] Incoming request: GET /api/v1/categories/list?pageNumber=1&pageSize=10&search=&parent=null 
2026-02-01 15:50:26 [INFO] Incoming request: GET /api/v1/categories/list?pageNumber=1&pageSize=100&parent=697f11cfa17de6084c0cdfc2 
2026-02-01 15:50:28 [INFO] Incoming request: GET /api/v1/categories/list?pageNumber=1&pageSize=100&parent=697f11cfa17de6084c0cdfc2 
2026-02-01 15:50:29 [INFO] Incoming request: GET /api/v1/categories/list?pageNumber=1&pageSize=100&parent=697f11cfa17de6084c0cdfc2 
2026-02-01 15:50:30 [INFO] Incoming request: GET /api/v1/categories/list?pageNumber=1&pageSize=100&parent=697f11cfa17de6084c0cdfc2 
2026-02-01 16:10:44 [INFO] Incoming request: GET /api/v1/raw-queries/list?pageNumber=1&pageSize=10&search= 
2026-02-01 16:13:21 [INFO] Email queue started successfully. Email sending is enabled. 
2026-02-01 16:13:21 [INFO] Server is running at port 4545 
2026-02-01 16:13:47 [INFO] Email queue started successfully. Email sending is enabled. 
2026-02-01 16:13:47 [INFO] Server is running at port 4545 
2026-02-01 16:14:00 [INFO] Email queue started successfully. Email sending is enabled. 
2026-02-01 16:14:00 [INFO] Server is running at port 4545 
2026-02-01 16:14:13 [INFO] Email queue started successfully. Email sending is enabled. 
2026-02-01 16:14:13 [INFO] Server is running at port 4545 
2026-02-01 16:15:41 [INFO] Incoming request: GET /api/v1/employees/list 
2026-02-01 16:15:41 [INFO] Incoming request: GET /api/v1/company-branches/list 
2026-02-01 16:16:05 [INFO] Incoming request: GET /api/v1/employees/list 
2026-02-01 16:16:05 [INFO] Incoming request: GET /api/v1/company-branches/list 
2026-02-01 16:17:45 [INFO] Incoming request: GET /api/v1/employees/list 
2026-02-01 16:17:45 [INFO] Incoming request: GET /api/v1/company-branches/list 
2026-02-01 16:18:52 [INFO] Incoming request: GET /api/v1/employees/list 
2026-02-01 16:18:52 [INFO] Incoming request: GET /api/v1/company-branches/list 
2026-02-01 16:19:06 [INFO] Email queue started successfully. Email sending is enabled. 
2026-02-01 16:19:06 [INFO] Server is running at port 4545 
2026-02-01 16:19:57 [INFO] Incoming request: GET /api/v1/categories/list?pageNumber=1&pageSize=100 
2026-02-01 16:19:57 [INFO] Incoming request: GET /api/v1/suppliers/list?pageNumber=1&pageSize=10&search= 
2026-02-01 16:20:23 [INFO] Incoming request: POST /api/v1/suppliers/create 
2026-02-01 16:20:24 [INFO] Incoming request: GET /api/v1/suppliers/list?pageNumber=1&pageSize=10&search= 
2026-02-01 16:20:26 [INFO] Incoming request: GET /api/v1/suppliers/get-by-id?supplierId=697f2fefb6cd92712328ef50 
2026-02-01 16:20:31 [INFO] Incoming request: GET /api/v1/categories/list?pageNumber=1&pageSize=100 
2026-02-01 16:20:32 [INFO] Incoming request: GET /api/v1/suppliers/list?pageNumber=1&pageSize=10&search= 
2026-02-01 16:20:36 [INFO] Incoming request: GET /api/v1/categories/list?pageNumber=1&pageSize=100 
2026-02-01 16:20:36 [INFO] Incoming request: GET /api/v1/suppliers/list?pageNumber=1&pageSize=10&search= 
2026-02-01 16:20:40 [INFO] Incoming request: GET /api/v1/categories/list?pageNumber=1&pageSize=100 
2026-02-01 16:20:40 [INFO] Incoming request: GET /api/v1/suppliers/list?pageNumber=1&pageSize=10&search= 
2026-02-01 16:20:48 [INFO] Incoming request: GET /api/v1/raw-queries/list?pageNumber=1&pageSize=10&search= 
2026-02-01 16:21:14 [INFO] Incoming request: GET /api/v1/raw-queries/list?pageNumber=1&pageSize=10&search= 
2026-02-01 16:21:17 [INFO] Incoming request: GET /api/v1/raw-queries/list?pageNumber=1&pageSize=10&search= 
2026-02-01 16:21:20 [INFO] Incoming request: GET /api/v1/brands/list?pageNumber=1&pageSize=100 
2026-02-01 16:21:20 [INFO] Incoming request: GET /api/v1/categories/list?pageNumber=1&pageSize=100&parent=null 
2026-02-01 16:21:20 [INFO] Incoming request: GET /api/v1/products/list?pageNumber=1&pageSize=10&search= 
2026-02-01 16:21:22 [INFO] Incoming request: GET /api/v1/products/get-by-id?productId=697e08483294b96424de65fd 
2026-02-01 16:21:27 [INFO] Incoming request: GET /api/v1/categories/list?pageNumber=1&pageSize=100&parent=null 
2026-02-01 16:21:27 [INFO] Incoming request: GET /api/v1/brands/list?pageNumber=1&pageSize=100 
2026-02-01 16:21:28 [INFO] Incoming request: GET /api/v1/products/list?pageNumber=1&pageSize=10&search= 
2026-02-01 16:21:42 [INFO] Incoming request: GET /api/v1/raw-queries/list?pageNumber=1&pageSize=10&search= 
2026-02-01 16:22:39 [INFO] Incoming request: GET /api/v1/categories/list?pageNumber=1&pageSize=100 
2026-02-01 16:22:39 [INFO] Incoming request: GET /api/v1/suppliers/list?pageNumber=1&pageSize=10&search= 
2026-02-01 16:22:42 [INFO] Incoming request: GET /api/v1/employees/list 
2026-02-01 16:22:42 [INFO] Incoming request: GET /api/v1/company-branches/list 
2026-02-01 16:26:03 [INFO] Incoming request: GET /api/v1/categories/list?pageNumber=1&pageSize=100 
2026-02-01 16:26:04 [INFO] Incoming request: GET /api/v1/suppliers/list?pageNumber=1&pageSize=10&search= 
2026-02-01 16:26:07 [INFO] Incoming request: GET /api/v1/raw-queries/list?pageNumber=1&pageSize=10&search= 
2026-02-01 16:26:19 [INFO] Incoming request: GET /api/v1/categories/list?pageNumber=1&pageSize=100&parent=null 
2026-02-01 16:26:19 [INFO] Incoming request: GET /api/v1/brands/list?pageNumber=1&pageSize=100 
2026-02-01 16:26:20 [INFO] Incoming request: GET /api/v1/products/list?pageNumber=1&pageSize=10&search= 
2026-02-01 16:26:21 [INFO] Incoming request: GET /api/v1/categories/list?pageNumber=1&pageSize=100&parent=null 
2026-02-01 16:26:21 [INFO] Incoming request: GET /api/v1/brands/list?pageNumber=1&pageSize=100 
2026-02-01 16:26:25 [INFO] Incoming request: GET /api/v1/categories/list?pageNumber=1&pageSize=100&parent=null 
2026-02-01 16:26:26 [INFO] Incoming request: GET /api/v1/brands/list?pageNumber=1&pageSize=100 
2026-02-01 16:26:26 [INFO] Incoming request: GET /api/v1/products/list?pageNumber=1&pageSize=10&search= 
2026-02-01 16:26:32 [INFO] Incoming request: GET /api/v1/raw-queries/list?pageNumber=1&pageSize=10&search= 
2026-02-01 16:26:34 [INFO] Incoming request: GET /api/v1/raw-queries/list?pageNumber=1&pageSize=10&search= 
2026-02-01 16:26:35 [INFO] Incoming request: GET /api/v1/raw-queries/list?pageNumber=1&pageSize=10&search= 
2026-02-01 16:26:58 [INFO] Incoming request: GET /api/v1/categories/list?pageNumber=1&pageSize=100 
2026-02-01 16:26:59 [INFO] Incoming request: GET /api/v1/suppliers/list?pageNumber=1&pageSize=10&search= 
2026-02-01 16:27:03 [INFO] Incoming request: GET /api/v1/suppliers/get-by-id?supplierId=697f2fefb6cd92712328ef50 
2026-02-01 16:27:19 [INFO] Incoming request: GET /api/v1/brands/list?pageNumber=1&pageSize=10&search= 
2026-02-01 16:27:27 [INFO] Incoming request: GET /api/v1/raw-queries/list?pageNumber=1&pageSize=10&search= 
2026-02-01 16:27:32 [INFO] Incoming request: GET /api/v1/categories/list?pageNumber=1&pageSize=100 
2026-02-01 16:27:32 [INFO] Incoming request: GET /api/v1/suppliers/list?pageNumber=1&pageSize=10&search= 
2026-02-01 16:27:34 [INFO] Incoming request: GET /api/v1/categories/list?pageNumber=1&pageSize=100 
2026-02-01 16:27:34 [INFO] Incoming request: GET /api/v1/suppliers/list?pageNumber=1&pageSize=10&search= 
2026-02-01 16:27:35 [INFO] Incoming request: GET /api/v1/employees/list 
2026-02-01 16:27:35 [INFO] Incoming request: GET /api/v1/company-branches/list 
2026-02-01 16:27:36 [INFO] Incoming request: GET /api/v1/employees/list 
2026-02-01 16:27:36 [INFO] Incoming request: GET /api/v1/company-branches/list 
2026-02-01 16:37:18 [INFO] Email queue started successfully. Email sending is enabled. 
2026-02-01 16:37:18 [INFO] Server is running at port 4545 
2026-02-01 16:39:19 [INFO] Incoming request: GET /api/v1/employees/list 
2026-02-01 16:39:19 [INFO] Incoming request: GET /api/v1/company-branches/list 
2026-02-01 16:41:40 [INFO] Incoming request: GET /api/v1/raw-queries/list?pageNumber=1&pageSize=10&search= 
2026-02-01 16:41:46 [INFO] Incoming request: GET /api/v1/employees/list 
2026-02-01 16:41:46 [INFO] Incoming request: GET /api/v1/company-branches/list 
2026-02-01 16:42:58 [INFO] Incoming request: GET /api/v1/employees/list 
2026-02-01 16:42:58 [INFO] Incoming request: GET /api/v1/company-branches/list 
2026-02-01 16:43:10 [INFO] Incoming request: GET /api/v1/employees/list 
2026-02-01 16:43:10 [INFO] Incoming request: GET /api/v1/company-branches/list 
2026-02-01 16:43:30 [INFO] Incoming request: GET /api/v1/raw-queries/list?pageNumber=1&pageSize=10&search= 
2026-02-01 16:44:05 [INFO] Incoming request: GET /api/v1/raw-queries/list?pageNumber=1&pageSize=10&search= 
2026-02-01 16:45:15 [INFO] Incoming request: POST /api/v1/raw-queries/create 
2026-02-01 16:45:15 [INFO] Incoming request: GET /api/v1/raw-queries/list?pageNumber=1&pageSize=10&search= 
2026-02-01 16:45:19 [INFO] Incoming request: GET /api/v1/raw-queries/get-by-id?rawQueryId=697f35c317c04e5459fbfea8 
2026-02-01 16:47:41 [INFO] Incoming request: GET /api/v1/raw-queries/list?pageNumber=1&pageSize=10&search= 
2026-02-01 16:49:50 [INFO] Incoming request: GET /api/v1/employees/list 
2026-02-01 16:49:50 [INFO] Incoming request: GET /api/v1/company-branches/list 
2026-02-01 16:50:35 [INFO] Incoming request: GET /api/v1/raw-queries/list?pageNumber=1&pageSize=10&search= 
2026-02-01 16:50:41 [INFO] Incoming request: GET /api/v1/companies/list 
2026-02-01 16:50:41 [INFO] Incoming request: GET /api/v1/company-branches/list 
2026-02-01 16:50:46 [INFO] Incoming request: GET /api/v1/companies/list?search= 
2026-02-01 16:52:06 [INFO] Incoming request: GET /api/v1/categories/list?pageNumber=1&pageSize=100&parent=null 
2026-02-01 16:52:06 [INFO] Incoming request: GET /api/v1/categories/list?pageNumber=1&pageSize=10&search=&parent=null 
2026-02-01 16:52:13 [INFO] Incoming request: GET /api/v1/brands/list?pageNumber=1&pageSize=10&search= 
2026-02-01 16:52:14 [INFO] Incoming request: GET /api/v1/categories/list?pageNumber=1&pageSize=100&parent=null 
2026-02-01 16:52:14 [INFO] Incoming request: GET /api/v1/brands/list?pageNumber=1&pageSize=100 
2026-02-01 16:52:14 [INFO] Incoming request: GET /api/v1/products/list?pageNumber=1&pageSize=10&search= 
2026-02-01 16:52:16 [INFO] Incoming request: GET /api/v1/categories/list?pageNumber=1&pageSize=100&parent=null 
2026-02-01 16:52:16 [INFO] Incoming request: GET /api/v1/brands/list?pageNumber=1&pageSize=100 
2026-02-01 16:52:28 [INFO] Incoming request: GET /api/v1/categories/list?pageNumber=1&pageSize=100&parent=697f11cfa17de6084c0cdfc2 
2026-02-01 16:52:55 [INFO] Incoming request: POST /api/v1/products/create 
2026-02-01 16:52:57 [INFO] Incoming request: GET /api/v1/categories/list?pageNumber=1&pageSize=100&parent=null 
2026-02-01 16:52:57 [INFO] Incoming request: GET /api/v1/brands/list?pageNumber=1&pageSize=100 
2026-02-01 16:52:57 [INFO] Incoming request: GET /api/v1/products/list?pageNumber=1&pageSize=10&search= 
2026-02-01 16:53:01 [INFO] Incoming request: GET /api/v1/categories/list?pageNumber=1&pageSize=100&parent=null 
2026-02-01 16:53:01 [INFO] Incoming request: GET /api/v1/brands/list?pageNumber=1&pageSize=100 
2026-02-01 16:55:41 [INFO] Incoming request: GET /api/v1/employees/list 
2026-02-01 16:55:41 [INFO] Incoming request: GET /api/v1/company-branches/list 
2026-02-01 16:56:08 [INFO] Incoming request: GET /api/v1/employees/list 
2026-02-01 16:56:08 [INFO] Incoming request: GET /api/v1/company-branches/list 
2026-02-01 16:57:20 [INFO] Incoming request: GET /api/v1/employees/list 
2026-02-01 16:57:20 [INFO] Incoming request: GET /api/v1/company-branches/list 
2026-02-01 16:57:30 [INFO] Incoming request: GET /api/v1/companies/list 
2026-02-01 16:57:30 [INFO] Incoming request: GET /api/v1/company-branches/list 
2026-02-01 16:57:31 [INFO] Incoming request: GET /api/v1/raw-queries/list?pageNumber=1&pageSize=10&search= 
2026-02-01 17:00:38 [INFO] Incoming request: GET /api/v1/employees/list 
2026-02-01 17:00:38 [INFO] Incoming request: GET /api/v1/company-branches/list 
2026-02-01 17:00:39 [INFO] Incoming request: GET /api/v1/company-branches/list 
2026-02-01 17:01:08 [INFO] Incoming request: POST /api/v1/employees/create 
2026-02-01 17:01:08 [INFO] Incoming request: GET /api/v1/employees/list 
2026-02-01 17:01:09 [INFO] Incoming request: GET /api/v1/company-branches/list 
2026-02-01 17:01:52 [INFO] Email queue started successfully. Email sending is enabled. 
2026-02-01 17:01:52 [INFO] Server is running at port 4545 
2026-02-01 17:01:58 [INFO] Incoming request: GET /api/v1/categories/list?pageNumber=1&pageSize=100 
2026-02-01 17:01:58 [INFO] Incoming request: GET /api/v1/suppliers/list?pageNumber=1&pageSize=10&search= 
2026-02-01 17:02:38 [INFO] Email queue started successfully. Email sending is enabled. 
2026-02-01 17:02:38 [INFO] Server is running at port 4545 
2026-02-01 17:02:39 [INFO] Incoming request: GET /api/v1/categories/list?pageNumber=1&pageSize=100 
2026-02-01 17:02:40 [INFO] Incoming request: GET /api/v1/suppliers/list?pageNumber=1&pageSize=10&search= 
2026-02-01 17:02:43 [INFO] Incoming request: GET /api/v1/categories/list?pageNumber=1&pageSize=100 
2026-02-01 17:02:44 [INFO] Incoming request: GET /api/v1/suppliers/list?pageNumber=1&pageSize=10&search= 
2026-02-01 17:02:55 [INFO] Incoming request: GET /api/v1/categories/list?pageNumber=1&pageSize=100 
2026-02-01 17:02:56 [INFO] Incoming request: GET /api/v1/suppliers/list?pageNumber=1&pageSize=10&search= 
2026-02-01 17:03:00 [INFO] Incoming request: GET /api/v1/categories/list?pageNumber=1&pageSize=100 
2026-02-01 17:03:00 [INFO] Incoming request: GET /api/v1/suppliers/list?pageNumber=1&pageSize=10&search= 
2026-02-01 17:03:17 [INFO] Incoming request: GET /api/v1/categories/list?pageNumber=1&pageSize=100 
2026-02-01 17:03:17 [INFO] Incoming request: GET /api/v1/raw-queries/list?pageNumber=1&pageSize=10&search= 
2026-02-01 17:03:20 [INFO] Email queue started successfully. Email sending is enabled. 
2026-02-01 17:03:20 [INFO] Server is running at port 4545 
2026-02-01 17:03:20 [INFO] Incoming request: GET /api/v1/suppliers/search?search=&limit=5 
2026-02-01 17:03:24 [INFO] Incoming request: GET /api/v1/suppliers/search?search=Tech+Migti+(adsf)&limit=5 
2026-02-01 17:03:26 [INFO] Incoming request: GET /api/v1/suppliers/search?search=Tech+Migti+(adsf)&limit=5 
2026-02-01 17:03:32 [INFO] Incoming request: GET /api/v1/suppliers/search?search=&limit=5 
2026-02-01 17:04:57 [INFO] Incoming request: GET /api/v1/employees/list 
2026-02-01 17:04:57 [INFO] Incoming request: GET /api/v1/company-branches/list 
2026-02-01 17:04:58 [INFO] Incoming request: GET /api/v1/company-branches/list 
2026-02-01 17:05:18 [INFO] Email queue started successfully. Email sending is enabled. 
2026-02-01 17:05:18 [INFO] Server is running at port 4545 
2026-02-01 17:05:24 [INFO] Email queue started successfully. Email sending is enabled. 
2026-02-01 17:05:24 [INFO] Server is running at port 4545 
2026-02-01 17:05:30 [INFO] Email queue started successfully. Email sending is enabled. 
2026-02-01 17:05:30 [INFO] Server is running at port 4545 
2026-02-01 17:05:32 [INFO] Incoming request: GET /api/v1/company-branches/list 
2026-02-01 17:05:43 [INFO] Incoming request: GET /api/v1/company-branches/list 
2026-02-01 17:05:45 [INFO] Incoming request: GET /api/v1/company-branches/list 
2026-02-01 17:05:49 [INFO] Incoming request: GET /api/v1/company-branches/list 
2026-02-01 17:06:06 [INFO] Email queue started successfully. Email sending is enabled. 
2026-02-01 17:06:06 [INFO] Server is running at port 4545 
2026-02-01 17:06:07 [INFO] Incoming request: GET /api/v1/company-branches/list 
2026-02-01 17:06:34 [INFO] Incoming request: GET /api/v1/company-branches/list 
2026-02-01 17:06:37 [INFO] Incoming request: GET /api/v1/company-branches/list 
2026-02-01 17:08:27 [INFO] Incoming request: GET /api/v1/company-branches/list 
2026-02-01 17:08:33 [INFO] Incoming request: GET /api/v1/company-branches/list 
2026-02-01 17:09:21 [INFO] Incoming request: GET /api/v1/company-branches/list 
2026-02-01 17:09:28 [INFO] Incoming request: GET /api/v1/company-branches/list 
2026-02-01 17:16:34 [INFO] Incoming request: GET /api/v1/company-branches/list 
2026-02-01 17:17:16 [INFO] Incoming request: GET /api/v1/company-branches/list 
2026-02-01 17:17:25 [INFO] Incoming request: GET /api/v1/company-branches/list 
2026-02-01 17:26:17 [INFO] Incoming request: GET /api/v1/company-branches/list 
2026-02-01 17:26:26 [INFO] Incoming request: GET /api/v1/company-branches/list 
2026-02-01 17:28:17 [INFO] Incoming request: GET /api/v1/company-branches/list 
2026-02-01 17:28:46 [INFO] Incoming request: GET /api/v1/company-branches/list 
2026-02-01 17:28:55 [INFO] Incoming request: GET /api/v1/company-branches/list 
2026-02-01 17:30:48 [INFO] Incoming request: GET /api/v1/company-branches/list 
2026-02-01 17:30:54 [INFO] Incoming request: GET /api/v1/company-branches/list 
2026-02-01 17:31:06 [INFO] Incoming request: GET /api/v1/categories/list?pageNumber=1&pageSize=100 
2026-02-01 17:31:06 [INFO] Incoming request: GET /api/v1/suppliers/list?pageNumber=1&pageSize=10&search= 
2026-02-01 17:33:50 [INFO] Incoming request: GET /api/v1/raw-queries/list?pageNumber=1&pageSize=10&search= 
2026-02-01 17:34:53 [INFO] Incoming request: GET /api/v1/raw-queries/list?pageNumber=1&pageSize=10&search= 
2026-02-01 17:34:58 [INFO] Incoming request: GET /api/v1/raw-queries/list?pageNumber=1&pageSize=10&search= 
2026-02-01 17:35:20 [INFO] Incoming request: GET /api/v1/raw-queries/list?pageNumber=1&pageSize=10&search= 
2026-02-01 17:35:31 [INFO] Incoming request: GET /api/v1/suppliers/list?pageNumber=1&pageSize=10&search= 
2026-02-01 17:35:31 [INFO] Incoming request: GET /api/v1/categories/list?pageNumber=1&pageSize=100 
2026-02-01 17:35:44 [INFO] Incoming request: GET /api/v1/categories/list?pageNumber=1&pageSize=100 
2026-02-01 17:36:00 [INFO] Incoming request: GET /api/v1/companies/list 
2026-02-01 17:36:00 [INFO] Incoming request: GET /api/v1/company-branches/list 
2026-02-01 17:36:20 [INFO] Incoming request: GET /api/v1/companies/list 
2026-02-01 17:36:20 [INFO] Incoming request: GET /api/v1/company-branches/list 
2026-02-01 17:36:23 [INFO] Incoming request: GET /api/v1/companies/list 
2026-02-01 17:36:23 [INFO] Incoming request: GET /api/v1/company-branches/list 
2026-02-01 17:36:34 [INFO] Incoming request: GET /api/v1/categories/list?pageNumber=1&pageSize=100&parent=null 
2026-02-01 17:36:35 [INFO] Incoming request: GET /api/v1/categories/list?pageNumber=1&pageSize=10&search=&parent=null 
2026-02-01 17:36:40 [INFO] Incoming request: GET /api/v1/brands/list?pageNumber=1&pageSize=10&search= 
2026-02-01 17:36:40 [INFO] Incoming request: GET /api/v1/categories/list?pageNumber=1&pageSize=100&parent=null 
2026-02-01 17:36:40 [INFO] Incoming request: GET /api/v1/brands/list?pageNumber=1&pageSize=100 
2026-02-01 17:36:40 [INFO] Incoming request: GET /api/v1/products/list?pageNumber=1&pageSize=10&search= 
2026-02-01 17:36:41 [INFO] Incoming request: GET /api/v1/brands/list?pageNumber=1&pageSize=10&search= 
2026-02-01 17:36:47 [INFO] Incoming request: GET /api/v1/suppliers/list?pageNumber=1&pageSize=10&search= 
2026-02-01 17:36:48 [INFO] Incoming request: GET /api/v1/categories/list?pageNumber=1&pageSize=100 
2026-02-01 17:44:12 [INFO] Email queue started successfully. Email sending is enabled. 
2026-02-01 17:44:12 [INFO] Server is running at port 4545 
2026-02-01 17:48:14 [INFO] Incoming request: GET /api/v1/categories/list?pageNumber=1&pageSize=100&parent=null 
2026-02-01 17:48:14 [INFO] Incoming request: GET /api/v1/products/list?pageNumber=1&pageSize=10&search= 
2026-02-01 17:48:14 [INFO] Incoming request: GET /api/v1/brands/list?pageNumber=1&pageSize=100 
2026-02-01 17:48:15 [INFO] Incoming request: GET /api/v1/categories/list?pageNumber=1&pageSize=100&parent=null 
2026-02-01 17:48:15 [INFO] Incoming request: GET /api/v1/brands/list?pageNumber=1&pageSize=100 
2026-02-01 17:48:25 [INFO] Incoming request: GET /api/v1/categories/list?pageNumber=1&pageSize=100&parent=697f11cfa17de6084c0cdfc2 
2026-02-01 17:49:36 [INFO] Incoming request: POST /api/v1/products/upload-images 
2026-02-01 17:49:36 [INFO] Incoming request: POST /api/v1/products/create 
2026-02-01 17:49:36 [ERROR] 
[ERROR]
Method: POST
URL: /api/v1/products/create
Params: {}
Body: {"name":"asefasdf","sku":"asdf","description":"asdfasdf","shortDescription":"asdf","category":"697f11cfa17de6084c0cdfc2","subcategory":null,"brand":"697f1301a17de6084c0ce014","price":100,"mrp":200,"costPrice":150,"quantity":100,"hasVariants":false,"variants":[],"variantCombinations":[],"images":["/uploads/images-1769948376097.jpeg"],"weight":100,"weightUnit":"g","dimensions":{"length":100,"width":100,"height":100},"dimensionUnit":"cm","tags":["electro","new","nat"],"status":"active","unit":"100pcs"}
Headers: {"host":"localhost:4545","connection":"keep-alive","content-length":"504","sec-ch-ua-platform":"\"Windows\"","authorization":"Bearer eyJhbGciOiJIUzI1NiIsInR5cCI6IkpXVCJ9.eyJpZCI6IjY5NzRhYjNiZTRjMGJlNjg3ODU5NjRhYiIsImVtYWlsIjoiYWRtaW5AZ21haWwuY29tIiwicm9sZSI6InN1cGVyYWRtaW4iLCJ0eXBlIjoiYWNjZXNzIiwiaWF0IjoxNzY5MzM2NDExLCJleHAiOjE3Njk0MjI4MTEsImF1ZCI6ImdjYS1mcm9udGVuZCIsImlzcyI6ImdjYS1iYWNrZW5kIn0.dBUsd4fFZ-p6Hkc4Ve8oAUZjanuz_9cMZzbCmt2dtcU","user-agent":"Mozilla/5.0 (Windows NT 10.0; Win64; x64) AppleWebKit/537.36 (KHTML, like Gecko) Chrome/144.0.0.0 Safari/537.36","accept":"application/json, text/plain, */*","sec-ch-ua":"\"Not(A:Brand\";v=\"8\", \"Chromium\";v=\"144\", \"Google Chrome\";v=\"144\"","content-type":"application/json","sec-ch-ua-mobile":"?0","origin":"http://localhost:3000","sec-fetch-site":"same-site","sec-fetch-mode":"cors","sec-fetch-dest":"empty","referer":"http://localhost:3000/","accept-encoding":"gzip, deflate, br, zstd","accept-language":"en-US,en;q=0.9"}
Error Message: E11000 duplicate key error collection: crm_db.products index: itemCode_1 dup key: { itemCode: null }
Stack: MongoServerError: E11000 duplicate key error collection: crm_db.products index: itemCode_1 dup key: { itemCode: null }
    at InsertOneOperation.handleOk (C:\Alok\projects\migti-crm_backend\node_modules\mongoose\node_modules\mongodb\lib\operations\insert.js:51:19)
    at tryOperation (C:\Alok\projects\migti-crm_backend\node_modules\mongoose\node_modules\mongodb\lib\operations\execute_operation.js:214:34)
    at process.processTicksAndRejections (node:internal/process/task_queues:103:5)
    at async executeOperation (C:\Alok\projects\migti-crm_backend\node_modules\mongoose\node_modules\mongodb\lib\operations\execute_operation.js:78:16)
    at async Collection.insertOne (C:\Alok\projects\migti-crm_backend\node_modules\mongoose\node_modules\mongodb\lib\collection.js:154:16)
   
2026-02-01 17:53:04 [INFO] Incoming request: GET /api/v1/raw-queries/list?pageNumber=1&pageSize=10&search= 
2026-02-01 17:53:06 [INFO] Incoming request: GET /api/v1/suppliers/search?search=&limit=5 
2026-02-01 17:53:33 [INFO] Email queue started successfully. Email sending is enabled. 
2026-02-01 17:53:33 [INFO] Server is running at port 4545 
2026-02-01 17:53:34 [INFO] Incoming request: GET /api/v1/suppliers/search?search=&limit=5 
2026-02-01 17:53:42 [INFO] Incoming request: GET /api/v1/categories/list?pageNumber=1&pageSize=100&parent=null 
2026-02-01 17:53:42 [INFO] Incoming request: GET /api/v1/brands/list?pageNumber=1&pageSize=100 
2026-02-01 17:53:42 [INFO] Incoming request: GET /api/v1/products/list?pageNumber=1&pageSize=10&search= 
2026-02-01 17:53:43 [INFO] Incoming request: GET /api/v1/categories/list?pageNumber=1&pageSize=100&parent=null 
2026-02-01 17:53:43 [INFO] Incoming request: GET /api/v1/brands/list?pageNumber=1&pageSize=100 
2026-02-01 17:53:51 [INFO] Email queue started successfully. Email sending is enabled. 
2026-02-01 17:53:51 [INFO] Server is running at port 4545 
2026-02-01 17:54:03 [INFO] Email queue started successfully. Email sending is enabled. 
2026-02-01 17:54:03 [INFO] Server is running at port 4545 
2026-02-01 17:54:08 [INFO] Email queue started successfully. Email sending is enabled. 
2026-02-01 17:54:08 [INFO] Server is running at port 4545 
2026-02-01 17:58:26 [INFO] Incoming request: GET /api/v1/companies/list 
2026-02-01 17:58:26 [INFO] Incoming request: GET /api/v1/company-branches/list 
2026-02-01 17:58:43 [INFO] Email queue started successfully. Email sending is enabled. 
2026-02-01 17:58:43 [INFO] Server is running at port 4545 
2026-02-01 17:58:48 [INFO] Email queue started successfully. Email sending is enabled. 
2026-02-01 17:58:48 [INFO] Server is running at port 4545 
2026-02-01 18:09:09 [INFO] Incoming request: GET /api/v1/companies/list?search= 
2026-02-01 18:09:24 [INFO] Email queue started successfully. Email sending is enabled. 
2026-02-01 18:09:24 [INFO] Server is running at port 4545 
2026-02-01 18:10:21 [INFO] Incoming request: GET /api/v1/companies/list 
2026-02-01 18:10:21 [INFO] Incoming request: GET /api/v1/company-branches/list 
2026-02-01 18:10:26 [INFO] Incoming request: GET /api/v1/categories/list?pageNumber=1&pageSize=100&parent=null 
2026-02-01 18:10:27 [INFO] Incoming request: GET /api/v1/categories/list?pageNumber=1&pageSize=10&search=&parent=null 
2026-02-01 18:10:31 [INFO] Incoming request: GET /api/v1/brands/list?pageNumber=1&pageSize=10&search= 
2026-02-01 18:10:35 [INFO] Incoming request: GET /api/v1/categories/list?pageNumber=1&pageSize=100&parent=null 
2026-02-01 18:10:35 [INFO] Incoming request: GET /api/v1/brands/list?pageNumber=1&pageSize=100 
2026-02-01 18:10:35 [INFO] Incoming request: GET /api/v1/products/list?pageNumber=1&pageSize=10&search= 
2026-02-01 18:10:36 [INFO] Incoming request: GET /api/v1/categories/list?pageNumber=1&pageSize=100&parent=null 
2026-02-01 18:10:36 [INFO] Incoming request: GET /api/v1/brands/list?pageNumber=1&pageSize=100 
2026-02-01 18:10:44 [INFO] Incoming request: GET /api/v1/raw-queries/list?pageNumber=1&pageSize=10&search= 
2026-02-01 18:10:44 [INFO] Incoming request: GET /api/v1/suppliers/search?search=&limit=5 
2026-02-01 18:11:55 [INFO] Incoming request: GET /api/v1/categories/list?pageNumber=1&pageSize=100&parent=null 
2026-02-01 18:11:55 [INFO] Incoming request: GET /api/v1/categories/list?pageNumber=1&pageSize=10&search=&parent=null 
2026-02-01 18:12:43 [INFO] Incoming request: GET /api/v1/categories/list?pageNumber=1&pageSize=100&parent=697f11cfa17de6084c0cdfc2 
2026-02-01 18:13:28 [INFO] Incoming request: POST /api/v1/categories/create 
2026-02-01 18:13:29 [ERROR] 
[ERROR]
Method: POST
URL: /api/v1/categories/create
Params: {}
Body: {"name":"dfgsdfg","description":"fgsdfg","parent":"697e04a83294b96424de65df","status":"active","sortOrder":0}
Headers: {"host":"localhost:4545","connection":"keep-alive","content-length":"109","sec-ch-ua-platform":"\"Windows\"","authorization":"Bearer eyJhbGciOiJIUzI1NiIsInR5cCI6IkpXVCJ9.eyJpZCI6IjY5NzRhYjNiZTRjMGJlNjg3ODU5NjRhYiIsImVtYWlsIjoiYWRtaW5AZ21haWwuY29tIiwicm9sZSI6InN1cGVyYWRtaW4iLCJ0eXBlIjoiYWNjZXNzIiwiaWF0IjoxNzY5MzM2NDExLCJleHAiOjE3Njk0MjI4MTEsImF1ZCI6ImdjYS1mcm9udGVuZCIsImlzcyI6ImdjYS1iYWNrZW5kIn0.dBUsd4fFZ-p6Hkc4Ve8oAUZjanuz_9cMZzbCmt2dtcU","user-agent":"Mozilla/5.0 (Windows NT 10.0; Win64; x64) AppleWebKit/537.36 (KHTML, like Gecko) Chrome/144.0.0.0 Safari/537.36","accept":"application/json, text/plain, */*","sec-ch-ua":"\"Not(A:Brand\";v=\"8\", \"Chromium\";v=\"144\", \"Google Chrome\";v=\"144\"","content-type":"application/json","sec-ch-ua-mobile":"?0","origin":"http://localhost:3000","sec-fetch-site":"same-site","sec-fetch-mode":"cors","sec-fetch-dest":"empty","referer":"http://localhost:3000/","accept-encoding":"gzip, deflate, br, zstd","accept-language":"en-US,en;q=0.9"}
Error Message: E11000 duplicate key error collection: crm_db.categories index: code_1 dup key: { code: null }
Stack: MongoServerError: E11000 duplicate key error collection: crm_db.categories index: code_1 dup key: { code: null }
    at InsertOneOperation.handleOk (C:\Alok\projects\migti-crm_backend\node_modules\mongoose\node_modules\mongodb\lib\operations\insert.js:51:19)
    at tryOperation (C:\Alok\projects\migti-crm_backend\node_modules\mongoose\node_modules\mongodb\lib\operations\execute_operation.js:214:34)
    at process.processTicksAndRejections (node:internal/process/task_queues:103:5)
    at async executeOperation (C:\Alok\projects\migti-crm_backend\node_modules\mongoose\node_modules\mongodb\lib\operations\execute_operation.js:78:16)
    at async Collection.insertOne (C:\Alok\projects\migti-crm_backend\node_modules\mongoose\node_modules\mongodb\lib\collection.js:154:16)
   
2026-02-01 18:13:30 [INFO] Incoming request: POST /api/v1/categories/create 
2026-02-01 18:13:30 [ERROR] 
[ERROR]
Method: POST
URL: /api/v1/categories/create
Params: {}
Body: {"name":"dfgsdfg","description":"fgsdfg","parent":"697e04a83294b96424de65df","status":"active","sortOrder":0}
Headers: {"host":"localhost:4545","connection":"keep-alive","content-length":"109","sec-ch-ua-platform":"\"Windows\"","authorization":"Bearer eyJhbGciOiJIUzI1NiIsInR5cCI6IkpXVCJ9.eyJpZCI6IjY5NzRhYjNiZTRjMGJlNjg3ODU5NjRhYiIsImVtYWlsIjoiYWRtaW5AZ21haWwuY29tIiwicm9sZSI6InN1cGVyYWRtaW4iLCJ0eXBlIjoiYWNjZXNzIiwiaWF0IjoxNzY5MzM2NDExLCJleHAiOjE3Njk0MjI4MTEsImF1ZCI6ImdjYS1mcm9udGVuZCIsImlzcyI6ImdjYS1iYWNrZW5kIn0.dBUsd4fFZ-p6Hkc4Ve8oAUZjanuz_9cMZzbCmt2dtcU","user-agent":"Mozilla/5.0 (Windows NT 10.0; Win64; x64) AppleWebKit/537.36 (KHTML, like Gecko) Chrome/144.0.0.0 Safari/537.36","accept":"application/json, text/plain, */*","sec-ch-ua":"\"Not(A:Brand\";v=\"8\", \"Chromium\";v=\"144\", \"Google Chrome\";v=\"144\"","content-type":"application/json","sec-ch-ua-mobile":"?0","origin":"http://localhost:3000","sec-fetch-site":"same-site","sec-fetch-mode":"cors","sec-fetch-dest":"empty","referer":"http://localhost:3000/","accept-encoding":"gzip, deflate, br, zstd","accept-language":"en-US,en;q=0.9"}
Error Message: E11000 duplicate key error collection: crm_db.categories index: code_1 dup key: { code: null }
Stack: MongoServerError: E11000 duplicate key error collection: crm_db.categories index: code_1 dup key: { code: null }
    at InsertOneOperation.handleOk (C:\Alok\projects\migti-crm_backend\node_modules\mongoose\node_modules\mongodb\lib\operations\insert.js:51:19)
    at tryOperation (C:\Alok\projects\migti-crm_backend\node_modules\mongoose\node_modules\mongodb\lib\operations\execute_operation.js:214:34)
    at process.processTicksAndRejections (node:internal/process/task_queues:103:5)
    at async executeOperation (C:\Alok\projects\migti-crm_backend\node_modules\mongoose\node_modules\mongodb\lib\operations\execute_operation.js:78:16)
    at async Collection.insertOne (C:\Alok\projects\migti-crm_backend\node_modules\mongoose\node_modules\mongodb\lib\collection.js:154:16)
   
2026-02-01 18:13:38 [INFO] Received SIGINT, shutting down gracefully... 
2026-02-01 18:13:43 [INFO] Email queue started successfully. Email sending is enabled. 
2026-02-01 18:13:43 [INFO] Server is running at port 4545 
2026-02-01 18:13:57 [INFO] Incoming request: POST /api/v1/categories/create 
2026-02-01 18:13:57 [ERROR] 
[ERROR]
Method: POST
URL: /api/v1/categories/create
Params: {}
Body: {"name":"asdf","description":"asdfa","parent":"697f11cfa17de6084c0cdfc2","status":"active","sortOrder":0}
Headers: {"host":"localhost:4545","connection":"keep-alive","content-length":"105","sec-ch-ua-platform":"\"Windows\"","authorization":"Bearer eyJhbGciOiJIUzI1NiIsInR5cCI6IkpXVCJ9.eyJpZCI6IjY5NzRhYjNiZTRjMGJlNjg3ODU5NjRhYiIsImVtYWlsIjoiYWRtaW5AZ21haWwuY29tIiwicm9sZSI6InN1cGVyYWRtaW4iLCJ0eXBlIjoiYWNjZXNzIiwiaWF0IjoxNzY5MzM2NDExLCJleHAiOjE3Njk0MjI4MTEsImF1ZCI6ImdjYS1mcm9udGVuZCIsImlzcyI6ImdjYS1iYWNrZW5kIn0.dBUsd4fFZ-p6Hkc4Ve8oAUZjanuz_9cMZzbCmt2dtcU","user-agent":"Mozilla/5.0 (Windows NT 10.0; Win64; x64) AppleWebKit/537.36 (KHTML, like Gecko) Chrome/144.0.0.0 Safari/537.36","accept":"application/json, text/plain, */*","sec-ch-ua":"\"Not(A:Brand\";v=\"8\", \"Chromium\";v=\"144\", \"Google Chrome\";v=\"144\"","content-type":"application/json","sec-ch-ua-mobile":"?0","origin":"http://localhost:3000","sec-fetch-site":"same-site","sec-fetch-mode":"cors","sec-fetch-dest":"empty","referer":"http://localhost:3000/","accept-encoding":"gzip, deflate, br, zstd","accept-language":"en-US,en;q=0.9"}
Error Message: E11000 duplicate key error collection: crm_db.categories index: code_1 dup key: { code: null }
Stack: MongoServerError: E11000 duplicate key error collection: crm_db.categories index: code_1 dup key: { code: null }
    at InsertOneOperation.handleOk (C:\Alok\projects\migti-crm_backend\node_modules\mongoose\node_modules\mongodb\lib\operations\insert.js:51:19)
    at tryOperation (C:\Alok\projects\migti-crm_backend\node_modules\mongoose\node_modules\mongodb\lib\operations\execute_operation.js:214:34)
    at process.processTicksAndRejections (node:internal/process/task_queues:103:5)
    at async executeOperation (C:\Alok\projects\migti-crm_backend\node_modules\mongoose\node_modules\mongodb\lib\operations\execute_operation.js:78:16)
    at async Collection.insertOne (C:\Alok\projects\migti-crm_backend\node_modules\mongoose\node_modules\mongodb\lib\collection.js:154:16)
   
2026-02-01 18:14:53 [INFO] Email queue started successfully. Email sending is enabled. 
2026-02-01 18:14:53 [INFO] Server is running at port 4545 
2026-02-01 18:14:59 [INFO] Email queue started successfully. Email sending is enabled. 
2026-02-01 18:14:59 [INFO] Server is running at port 4545 
2026-02-01 18:15:04 [INFO] Email queue started successfully. Email sending is enabled. 
2026-02-01 18:15:04 [INFO] Server is running at port 4545 
2026-02-01 18:15:13 [INFO] Incoming request: POST /api/v1/categories/create 
2026-02-01 18:15:13 [INFO] Incoming request: GET /api/v1/categories/list?pageNumber=1&pageSize=10&search=&parent=null 
2026-02-01 18:15:14 [INFO] Incoming request: GET /api/v1/categories/list?pageNumber=1&pageSize=100&parent=null 
2026-02-01 18:15:14 [INFO] Incoming request: GET /api/v1/categories/list?pageNumber=1&pageSize=100&parent=697f11cfa17de6084c0cdfc2 
2026-02-01 18:15:21 [INFO] Incoming request: GET /api/v1/brands/list?pageNumber=1&pageSize=10&search= 
2026-02-01 18:15:27 [INFO] Incoming request: POST /api/v1/brands/create 
2026-02-01 18:15:27 [INFO] Incoming request: GET /api/v1/brands/list?pageNumber=1&pageSize=10&search= 
2026-02-01 18:32:20 [INFO] Email queue started successfully. Email sending is enabled. 
2026-02-01 18:32:20 [INFO] Server is running at port 4545 
